This file contains any messages produced by compilers while
running configure, to aid debugging if configure makes a mistake.

It was created by CppUTest configure 4.0, which was
generated by GNU Autoconf 2.71.  Invocation command line was

  $ ./configure --no-create --no-recursion

## --------- ##
## Platform. ##
## --------- ##

hostname = MagicBlack
uname -m = x86_64
uname -r = 5.15.153.1-microsoft-standard-WSL2
uname -s = Linux
uname -v = #1 SMP Fri Mar 29 23:14:13 UTC 2024

/usr/bin/uname -p = x86_64
/bin/uname -X     = unknown

/bin/arch              = x86_64
/usr/bin/arch -k       = unknown
/usr/convex/getsysinfo = unknown
/usr/bin/hostinfo      = unknown
/bin/machine           = unknown
/usr/bin/oslevel       = unknown
/bin/universe          = unknown

PATH: /home/alex/.cargo/bin/
PATH: /usr/local/sbin/
PATH: /usr/local/bin/
PATH: /usr/sbin/
PATH: /usr/bin/
PATH: /sbin/
PATH: /bin/
PATH: /usr/games/
PATH: /usr/local/games/
PATH: /usr/lib/wsl/lib/
PATH: /mnt/c/Program Files (x86)/STMicroelectronics/stlink_server/
PATH: /mnt/c/ST/STM32CubeCLT_1.16.0/
PATH: /mnt/c/ST/STM32CubeCLT_1.16.0/CMake/bin/
PATH: /mnt/c/ST/STM32CubeCLT_1.16.0/Ninja/bin/
PATH: /mnt/c/ST/STM32CubeCLT_1.16.0/GNU-tools-for-STM32/bin/
PATH: /mnt/c/ST/STM32CubeCLT_1.16.0/STLink-gdb-server/bin/
PATH: /mnt/c/ST/STM32CubeCLT_1.16.0/STM32CubeProgrammer/bin/
PATH: /mnt/c/Windows/system32/
PATH: /mnt/c/Windows/
PATH: /mnt/c/Windows/System32/Wbem/
PATH: /mnt/c/Windows/System32/WindowsPowerShell/v1.0/
PATH: /mnt/c/Windows/System32/OpenSSH/
PATH: /mnt/c/Program Files/Git/cmd/
PATH: /mnt/c/MinGW/bin/
PATH: /mnt/c/Program Files/MATLAB/R2023b/bin/
PATH: /mnt/c/Program Files/dotnet/
PATH: /mnt/c/Program Files/PuTTY/
PATH: /mnt/c/Users/alexk/AppData/Local/Microsoft/WindowsApps/
PATH: /mnt/c/Users/alexk/AppData/Local/Programs/Microsoft VS Code/bin/
PATH: /mnt/c/msys64/ucrt64/bin/
PATH: /mnt/c/MinGW/bin/
PATH: /snap/bin/


## ----------- ##
## Core tests. ##
## ----------- ##

configure:3248: looking for aux files: compile config.guess config.sub ltmain.sh missing install-sh
configure:3261:  trying ././
configure:3290:   ././compile found
configure:3290:   ././config.guess found
configure:3290:   ././config.sub found
configure:3290:   ././ltmain.sh found
configure:3290:   ././missing found
configure:3272:   ././install-sh found
configure:3420: checking for a BSD-compatible install
configure:3493: result: /usr/bin/install -c
configure:3504: checking whether build environment is sane
configure:3559: result: yes
configure:3718: checking for a race-free mkdir -p
configure:3762: result: /usr/bin/mkdir -p
configure:3769: checking for gawk
configure:3790: found /usr/bin/gawk
configure:3801: result: gawk
configure:3812: checking whether make sets $(MAKE)
configure:3835: result: yes
configure:3865: checking whether make supports nested variables
configure:3883: result: yes
configure:4064: checking build system type
configure:4079: result: x86_64-pc-linux-gnu
configure:4099: checking host system type
configure:4113: result: x86_64-pc-linux-gnu
configure:4154: checking how to print strings
configure:4181: result: printf
configure:4215: checking whether make supports the include directive
configure:4230: make -f confmf.GNU && cat confinc.out
make[1]: Entering directory '/mnt/c/development/Unit_Test/C-unit-test/tools/cpputest-4.0'
make[1]: Leaving directory '/mnt/c/development/Unit_Test/C-unit-test/tools/cpputest-4.0'
this is the am__doit target
configure:4233: $? = 0
configure:4252: result: yes (GNU style)
configure:4328: checking for gcc
configure:4349: found /usr/bin/gcc
configure:4360: result: gcc
configure:4713: checking for C compiler version
configure:4722: gcc --version >&5
gcc (Ubuntu 11.4.0-1ubuntu1~22.04) 11.4.0
Copyright (C) 2021 Free Software Foundation, Inc.
This is free software; see the source for copying conditions.  There is NO
warranty; not even for MERCHANTABILITY or FITNESS FOR A PARTICULAR PURPOSE.

configure:4733: $? = 0
configure:4722: gcc -v >&5
Using built-in specs.
COLLECT_GCC=gcc
COLLECT_LTO_WRAPPER=/usr/lib/gcc/x86_64-linux-gnu/11/lto-wrapper
OFFLOAD_TARGET_NAMES=nvptx-none:amdgcn-amdhsa
OFFLOAD_TARGET_DEFAULT=1
Target: x86_64-linux-gnu
Configured with: ../src/configure -v --with-pkgversion='Ubuntu 11.4.0-1ubuntu1~22.04' --with-bugurl=file:///usr/share/doc/gcc-11/README.Bugs --enable-languages=c,ada,c++,go,brig,d,fortran,objc,obj-c++,m2 --prefix=/usr --with-gcc-major-version-only --program-suffix=-11 --program-prefix=x86_64-linux-gnu- --enable-shared --enable-linker-build-id --libexecdir=/usr/lib --without-included-gettext --enable-threads=posix --libdir=/usr/lib --enable-nls --enable-bootstrap --enable-clocale=gnu --enable-libstdcxx-debug --enable-libstdcxx-time=yes --with-default-libstdcxx-abi=new --enable-gnu-unique-object --disable-vtable-verify --enable-plugin --enable-default-pie --with-system-zlib --enable-libphobos-checking=release --with-target-system-zlib=auto --enable-objc-gc=auto --enable-multiarch --disable-werror --enable-cet --with-arch-32=i686 --with-abi=m64 --with-multilib-list=m32,m64,mx32 --enable-multilib --with-tune=generic --enable-offload-targets=nvptx-none=/build/gcc-11-XeT9lY/gcc-11-11.4.0/debian/tmp-nvptx/usr,amdgcn-amdhsa=/build/gcc-11-XeT9lY/gcc-11-11.4.0/debian/tmp-gcn/usr --without-cuda-driver --enable-checking=release --build=x86_64-linux-gnu --host=x86_64-linux-gnu --target=x86_64-linux-gnu --with-build-config=bootstrap-lto-lean --enable-link-serialization=2
Thread model: posix
Supported LTO compression algorithms: zlib zstd
gcc version 11.4.0 (Ubuntu 11.4.0-1ubuntu1~22.04) 
... rest of stderr output deleted ...
configure:4733: $? = 0
configure:4722: gcc -V >&5
gcc: error: unrecognized command-line option '-V'
gcc: fatal error: no input files
compilation terminated.
configure:4733: $? = 1
configure:4722: gcc -qversion >&5
gcc: error: unrecognized command-line option '-qversion'; did you mean '--version'?
gcc: fatal error: no input files
compilation terminated.
configure:4733: $? = 1
configure:4722: gcc -version >&5
gcc: error: unrecognized command-line option '-version'
gcc: fatal error: no input files
compilation terminated.
configure:4733: $? = 1
configure:4753: checking whether the C compiler works
configure:4775: gcc    conftest.c  >&5
configure:4779: $? = 0
configure:4829: result: yes
configure:4832: checking for C compiler default output file name
configure:4834: result: a.out
configure:4840: checking for suffix of executables
configure:4847: gcc -o conftest    conftest.c  >&5
configure:4851: $? = 0
configure:4874: result: 
configure:4896: checking whether we are cross compiling
configure:4904: gcc -o conftest    conftest.c  >&5
configure:4908: $? = 0
configure:4915: ./conftest
configure:4919: $? = 0
configure:4934: result: no
configure:4939: checking for suffix of object files
configure:4962: gcc -c   conftest.c >&5
configure:4966: $? = 0
configure:4988: result: o
configure:4992: checking whether the compiler supports GNU C
configure:5012: gcc -c   conftest.c >&5
configure:5012: $? = 0
configure:5022: result: yes
configure:5033: checking whether gcc accepts -g
configure:5054: gcc -c -g  conftest.c >&5
configure:5054: $? = 0
configure:5098: result: yes
configure:5118: checking for gcc option to enable C11 features
configure:5133: gcc  -c -g -O2  conftest.c >&5
configure:5133: $? = 0
configure:5151: result: none needed
configure:5267: checking whether gcc understands -c and -o together
configure:5290: gcc -c conftest.c -o conftest2.o
configure:5293: $? = 0
configure:5290: gcc -c conftest.c -o conftest2.o
configure:5293: $? = 0
configure:5305: result: yes
configure:5324: checking dependency style of gcc
configure:5436: result: gcc3
configure:5451: checking for a sed that does not truncate output
configure:5521: result: /usr/bin/sed
configure:5539: checking for grep that handles long lines and -e
configure:5603: result: /usr/bin/grep
configure:5608: checking for egrep
configure:5676: result: /usr/bin/grep -E
configure:5681: checking for fgrep
configure:5749: result: /usr/bin/grep -F
configure:5785: checking for ld used by gcc
configure:5853: result: /usr/bin/ld
configure:5860: checking if the linker (/usr/bin/ld) is GNU ld
configure:5876: result: yes
configure:5888: checking for BSD- or MS-compatible name lister (nm)
configure:5943: result: /usr/bin/nm -B
configure:6083: checking the name lister (/usr/bin/nm -B) interface
configure:6091: gcc -c -g -O2  conftest.c >&5
configure:6094: /usr/bin/nm -B "conftest.o"
configure:6097: output
0000000000000000 B some_variable
configure:6104: result: BSD nm
configure:6107: checking whether ln -s works
configure:6111: result: yes
configure:6119: checking the maximum length of command line arguments
configure:6251: result: 1572864
configure:6299: checking how to convert x86_64-pc-linux-gnu file names to x86_64-pc-linux-gnu format
configure:6340: result: func_convert_file_noop
configure:6347: checking how to convert x86_64-pc-linux-gnu file names to toolchain format
configure:6368: result: func_convert_file_noop
configure:6375: checking for /usr/bin/ld option to reload object files
configure:6383: result: -r
configure:6462: checking for objdump
configure:6483: found /usr/bin/objdump
configure:6494: result: objdump
configure:6526: checking how to recognize dependent libraries
configure:6727: result: pass_all
configure:6817: checking for dlltool
configure:6852: result: no
configure:6882: checking how to associate runtime and link libraries
configure:6910: result: printf %s\n
configure:6976: checking for ar
configure:6997: found /usr/bin/ar
configure:7008: result: ar
configure:7045: checking for archiver @FILE support
configure:7063: gcc -c -g -O2  conftest.c >&5
configure:7063: $? = 0
configure:7067: ar cru libconftest.a @conftest.lst >&5
ar: `u' modifier ignored since `D' is the default (see `U')
configure:7070: $? = 0
configure:7075: ar cru libconftest.a @conftest.lst >&5
ar: `u' modifier ignored since `D' is the default (see `U')
ar: conftest.o: No such file or directory
configure:7078: $? = 1
configure:7090: result: @
configure:7153: checking for strip
configure:7174: found /usr/bin/strip
configure:7185: result: strip
configure:7262: checking for ranlib
configure:7283: found /usr/bin/ranlib
configure:7294: result: ranlib
configure:7396: checking command to parse /usr/bin/nm -B output from gcc object
configure:7550: gcc -c -g -O2  conftest.c >&5
configure:7553: $? = 0
configure:7557: /usr/bin/nm -B conftest.o \| sed -n -e 's/^.*[ ]\([ABCDGIRSTW][ABCDGIRSTW]*\)[ ][ ]*\([_A-Za-z][_A-Za-z0-9]*\)$/\1 \2 \2/p' | sed '/ __gnu_lto/d' \> conftest.nm
configure:7560: $? = 0
configure:7626: gcc -o conftest -g -O2   conftest.c conftstm.o >&5
configure:7629: $? = 0
configure:7667: result: ok
configure:7714: checking for sysroot
configure:7745: result: no
configure:7752: checking for a working dd
configure:7796: result: /usr/bin/dd
configure:7800: checking how to truncate binary pipes
configure:7816: result: /usr/bin/dd bs=4096 count=1
configure:7953: gcc -c -g -O2  conftest.c >&5
configure:7956: $? = 0
configure:8153: checking for mt
configure:8174: found /usr/bin/mt
configure:8185: result: mt
configure:8208: checking if mt is a manifest tool
configure:8215: mt '-?'
configure:8223: result: no
configure:8953: checking for stdio.h
configure:8953: gcc -c -g -O2  conftest.c >&5
configure:8953: $? = 0
configure:8953: result: yes
configure:8953: checking for stdlib.h
configure:8953: gcc -c -g -O2  conftest.c >&5
configure:8953: $? = 0
configure:8953: result: yes
configure:8953: checking for string.h
configure:8953: gcc -c -g -O2  conftest.c >&5
configure:8953: $? = 0
configure:8953: result: yes
configure:8953: checking for inttypes.h
configure:8953: gcc -c -g -O2  conftest.c >&5
configure:8953: $? = 0
configure:8953: result: yes
configure:8953: checking for stdint.h
configure:8953: gcc -c -g -O2  conftest.c >&5
configure:8953: $? = 0
configure:8953: result: yes
configure:8953: checking for strings.h
configure:8953: gcc -c -g -O2  conftest.c >&5
configure:8953: $? = 0
configure:8953: result: yes
configure:8953: checking for sys/stat.h
configure:8953: gcc -c -g -O2  conftest.c >&5
configure:8953: $? = 0
configure:8953: result: yes
configure:8953: checking for sys/types.h
configure:8953: gcc -c -g -O2  conftest.c >&5
configure:8953: $? = 0
configure:8953: result: yes
configure:8953: checking for unistd.h
configure:8953: gcc -c -g -O2  conftest.c >&5
configure:8953: $? = 0
configure:8953: result: yes
configure:8953: checking for vfork.h
configure:8953: gcc -c -g -O2  conftest.c >&5
conftest.c:48:10: fatal error: vfork.h: No such file or directory
   48 | #include <vfork.h>
      |          ^~~~~~~~~
compilation terminated.
configure:8953: $? = 1
configure: failed program was:
| /* confdefs.h */
| #define PACKAGE_NAME "CppUTest"
| #define PACKAGE_TARNAME "cpputest"
| #define PACKAGE_VERSION "4.0"
| #define PACKAGE_STRING "CppUTest 4.0"
| #define PACKAGE_BUGREPORT "https://github.com/cpputest/cpputest"
| #define PACKAGE_URL ""
| #define PACKAGE "cpputest"
| #define VERSION "4.0"
| #define HAVE_STDIO_H 1
| #define HAVE_STDLIB_H 1
| #define HAVE_STRING_H 1
| #define HAVE_INTTYPES_H 1
| #define HAVE_STDINT_H 1
| #define HAVE_STRINGS_H 1
| #define HAVE_SYS_STAT_H 1
| #define HAVE_SYS_TYPES_H 1
| #define HAVE_UNISTD_H 1
| /* end confdefs.h.  */
| #include <stddef.h>
| #ifdef HAVE_STDIO_H
| # include <stdio.h>
| #endif
| #ifdef HAVE_STDLIB_H
| # include <stdlib.h>
| #endif
| #ifdef HAVE_STRING_H
| # include <string.h>
| #endif
| #ifdef HAVE_INTTYPES_H
| # include <inttypes.h>
| #endif
| #ifdef HAVE_STDINT_H
| # include <stdint.h>
| #endif
| #ifdef HAVE_STRINGS_H
| # include <strings.h>
| #endif
| #ifdef HAVE_SYS_TYPES_H
| # include <sys/types.h>
| #endif
| #ifdef HAVE_SYS_STAT_H
| # include <sys/stat.h>
| #endif
| #ifdef HAVE_UNISTD_H
| # include <unistd.h>
| #endif
| #include <vfork.h>
configure:8953: result: no
configure:8978: checking for dlfcn.h
configure:8978: gcc -c -g -O2  conftest.c >&5
configure:8978: $? = 0
configure:8978: result: yes
configure:9235: checking for objdir
configure:9251: result: .libs
configure:9515: checking if gcc supports -fno-rtti -fno-exceptions
configure:9534: gcc -c -g -O2  -fno-rtti -fno-exceptions conftest.c >&5
cc1: warning: command-line option '-fno-rtti' is valid for C++/D/ObjC++ but not for C
configure:9538: $? = 0
configure:9551: result: no
configure:9909: checking for gcc option to produce PIC
configure:9917: result: -fPIC -DPIC
configure:9925: checking if gcc PIC flag -fPIC -DPIC works
configure:9944: gcc -c -g -O2  -fPIC -DPIC -DPIC conftest.c >&5
configure:9948: $? = 0
configure:9961: result: yes
configure:9990: checking if gcc static flag -static works
configure:10019: result: yes
configure:10034: checking if gcc supports -c -o file.o
configure:10056: gcc -c -g -O2  -o out/conftest2.o conftest.c >&5
configure:10060: $? = 0
configure:10082: result: yes
configure:10090: checking if gcc supports -c -o file.o
configure:10138: result: yes
configure:10171: checking whether the gcc linker (/usr/bin/ld -m elf_x86_64) supports shared libraries
configure:11437: result: yes
configure:11474: checking whether -lc should be explicitly linked in
configure:11483: gcc -c -g -O2  conftest.c >&5
configure:11486: $? = 0
configure:11501: gcc -shared  -fPIC -DPIC conftest.o  -v -Wl,-soname -Wl,conftest -o conftest 2\>\&1 \| /usr/bin/grep  -lc  \>/dev/null 2\>\&1
configure:11504: $? = 0
configure:11518: result: no
configure:11678: checking dynamic linker characteristics
configure:12260: gcc -o conftest -g -O2   -Wl,-rpath -Wl,/foo conftest.c  >&5
configure:12260: $? = 0
configure:12499: result: GNU/Linux ld.so
configure:12621: checking how to hardcode library paths into programs
configure:12646: result: immediate
configure:12748: checking for shl_load
configure:12748: gcc -o conftest -g -O2   conftest.c  >&5
/usr/bin/ld: /tmp/ccLR7BuJ.o: in function `main':
/mnt/c/development/Unit_Test/C-unit-test/tools/cpputest-4.0/conftest.c:50: undefined reference to `shl_load'
collect2: error: ld returned 1 exit status
configure:12748: $? = 1
configure: failed program was:
| /* confdefs.h */
| #define PACKAGE_NAME "CppUTest"
| #define PACKAGE_TARNAME "cpputest"
| #define PACKAGE_VERSION "4.0"
| #define PACKAGE_STRING "CppUTest 4.0"
| #define PACKAGE_BUGREPORT "https://github.com/cpputest/cpputest"
| #define PACKAGE_URL ""
| #define PACKAGE "cpputest"
| #define VERSION "4.0"
| #define HAVE_STDIO_H 1
| #define HAVE_STDLIB_H 1
| #define HAVE_STRING_H 1
| #define HAVE_INTTYPES_H 1
| #define HAVE_STDINT_H 1
| #define HAVE_STRINGS_H 1
| #define HAVE_SYS_STAT_H 1
| #define HAVE_SYS_TYPES_H 1
| #define HAVE_UNISTD_H 1
| #define STDC_HEADERS 1
| #define HAVE_DLFCN_H 1
| #define LT_OBJDIR ".libs/"
| /* end confdefs.h.  */
| /* Define shl_load to an innocuous variant, in case <limits.h> declares shl_load.
|    For example, HP-UX 11i <limits.h> declares gettimeofday.  */
| #define shl_load innocuous_shl_load
| 
| /* System header to define __stub macros and hopefully few prototypes,
|    which can conflict with char shl_load (); below.  */
| 
| #include <limits.h>
| #undef shl_load
| 
| /* Override any GCC internal prototype to avoid an error.
|    Use char because int might match the return type of a GCC
|    builtin and then its argument prototype would still apply.  */
| #ifdef __cplusplus
| extern "C"
| #endif
| char shl_load ();
| /* The GNU C library defines this for functions which it implements
|     to always fail with ENOSYS.  Some functions are actually named
|     something starting with __ and the normal name is an alias.  */
| #if defined __stub_shl_load || defined __stub___shl_load
| choke me
| #endif
| 
| int
| main (void)
| {
| return shl_load ();
|   ;
|   return 0;
| }
configure:12748: result: no
configure:12753: checking for shl_load in -ldld
configure:12776: gcc -o conftest -g -O2   conftest.c -ldld   >&5
/usr/bin/ld: cannot find -ldld: No such file or directory
collect2: error: ld returned 1 exit status
configure:12776: $? = 1
configure: failed program was:
| /* confdefs.h */
| #define PACKAGE_NAME "CppUTest"
| #define PACKAGE_TARNAME "cpputest"
| #define PACKAGE_VERSION "4.0"
| #define PACKAGE_STRING "CppUTest 4.0"
| #define PACKAGE_BUGREPORT "https://github.com/cpputest/cpputest"
| #define PACKAGE_URL ""
| #define PACKAGE "cpputest"
| #define VERSION "4.0"
| #define HAVE_STDIO_H 1
| #define HAVE_STDLIB_H 1
| #define HAVE_STRING_H 1
| #define HAVE_INTTYPES_H 1
| #define HAVE_STDINT_H 1
| #define HAVE_STRINGS_H 1
| #define HAVE_SYS_STAT_H 1
| #define HAVE_SYS_TYPES_H 1
| #define HAVE_UNISTD_H 1
| #define STDC_HEADERS 1
| #define HAVE_DLFCN_H 1
| #define LT_OBJDIR ".libs/"
| /* end confdefs.h.  */
| 
| /* Override any GCC internal prototype to avoid an error.
|    Use char because int might match the return type of a GCC
|    builtin and then its argument prototype would still apply.  */
| char shl_load ();
| int
| main (void)
| {
| return shl_load ();
|   ;
|   return 0;
| }
configure:12786: result: no
configure:12792: checking for dlopen
configure:12792: gcc -o conftest -g -O2   conftest.c  >&5
configure:12792: $? = 0
configure:12792: result: yes
configure:12950: checking whether a program can dlopen itself
configure:13031: gcc -o conftest -g -O2  -DHAVE_DLFCN_H  -Wl,--export-dynamic conftest.c   >&5
configure:13034: $? = 0
configure:13052: result: yes
configure:13057: checking whether a statically linked program can dlopen itself
configure:13138: gcc -o conftest -g -O2  -DHAVE_DLFCN_H  -Wl,--export-dynamic -static conftest.c   >&5
/usr/bin/ld: /tmp/ccL0YO63.o: in function `main':
/mnt/c/development/Unit_Test/C-unit-test/tools/cpputest-4.0/configure:13117: warning: Using 'dlopen' in statically linked applications requires at runtime the shared libraries from the glibc version used for linking
configure:13141: $? = 0
conftest: undefined symbol: _fnord
configure:13159: result: no
configure:13198: checking whether stripping libraries is possible
configure:13203: result: yes
configure:13238: checking if libtool supports shared libraries
configure:13240: result: yes
configure:13243: checking whether to build shared libraries
configure:13268: result: yes
configure:13271: checking whether to build static libraries
configure:13275: result: yes
configure:13380: checking for gcc
configure:13412: result: gcc
configure:13765: checking for C compiler version
configure:13774: gcc --version >&5
gcc (Ubuntu 11.4.0-1ubuntu1~22.04) 11.4.0
Copyright (C) 2021 Free Software Foundation, Inc.
This is free software; see the source for copying conditions.  There is NO
warranty; not even for MERCHANTABILITY or FITNESS FOR A PARTICULAR PURPOSE.

configure:13785: $? = 0
configure:13774: gcc -v >&5
Using built-in specs.
COLLECT_GCC=gcc
COLLECT_LTO_WRAPPER=/usr/lib/gcc/x86_64-linux-gnu/11/lto-wrapper
OFFLOAD_TARGET_NAMES=nvptx-none:amdgcn-amdhsa
OFFLOAD_TARGET_DEFAULT=1
Target: x86_64-linux-gnu
Configured with: ../src/configure -v --with-pkgversion='Ubuntu 11.4.0-1ubuntu1~22.04' --with-bugurl=file:///usr/share/doc/gcc-11/README.Bugs --enable-languages=c,ada,c++,go,brig,d,fortran,objc,obj-c++,m2 --prefix=/usr --with-gcc-major-version-only --program-suffix=-11 --program-prefix=x86_64-linux-gnu- --enable-shared --enable-linker-build-id --libexecdir=/usr/lib --without-included-gettext --enable-threads=posix --libdir=/usr/lib --enable-nls --enable-bootstrap --enable-clocale=gnu --enable-libstdcxx-debug --enable-libstdcxx-time=yes --with-default-libstdcxx-abi=new --enable-gnu-unique-object --disable-vtable-verify --enable-plugin --enable-default-pie --with-system-zlib --enable-libphobos-checking=release --with-target-system-zlib=auto --enable-objc-gc=auto --enable-multiarch --disable-werror --enable-cet --with-arch-32=i686 --with-abi=m64 --with-multilib-list=m32,m64,mx32 --enable-multilib --with-tune=generic --enable-offload-targets=nvptx-none=/build/gcc-11-XeT9lY/gcc-11-11.4.0/debian/tmp-nvptx/usr,amdgcn-amdhsa=/build/gcc-11-XeT9lY/gcc-11-11.4.0/debian/tmp-gcn/usr --without-cuda-driver --enable-checking=release --build=x86_64-linux-gnu --host=x86_64-linux-gnu --target=x86_64-linux-gnu --with-build-config=bootstrap-lto-lean --enable-link-serialization=2
Thread model: posix
Supported LTO compression algorithms: zlib zstd
gcc version 11.4.0 (Ubuntu 11.4.0-1ubuntu1~22.04) 
... rest of stderr output deleted ...
configure:13785: $? = 0
configure:13774: gcc -V >&5
gcc: error: unrecognized command-line option '-V'
gcc: fatal error: no input files
compilation terminated.
configure:13785: $? = 1
configure:13774: gcc -qversion >&5
gcc: error: unrecognized command-line option '-qversion'; did you mean '--version'?
gcc: fatal error: no input files
compilation terminated.
configure:13785: $? = 1
configure:13774: gcc -version >&5
gcc: error: unrecognized command-line option '-version'
gcc: fatal error: no input files
compilation terminated.
configure:13785: $? = 1
configure:13789: checking whether the compiler supports GNU C
configure:13819: result: yes
configure:13830: checking whether gcc accepts -g
configure:13895: result: yes
configure:13915: checking for gcc option to enable C11 features
configure:13948: result: none needed
configure:14064: checking whether gcc understands -c and -o together
configure:14102: result: yes
configure:14121: checking dependency style of gcc
configure:14233: result: gcc3
configure:14253: checking how to run the C preprocessor
configure:14279: gcc -E  conftest.c
configure:14279: $? = 0
configure:14294: gcc -E  conftest.c
conftest.c:23:10: fatal error: ac_nonexistent.h: No such file or directory
   23 | #include <ac_nonexistent.h>
      |          ^~~~~~~~~~~~~~~~~~
compilation terminated.
configure:14294: $? = 1
configure: failed program was:
| /* confdefs.h */
| #define PACKAGE_NAME "CppUTest"
| #define PACKAGE_TARNAME "cpputest"
| #define PACKAGE_VERSION "4.0"
| #define PACKAGE_STRING "CppUTest 4.0"
| #define PACKAGE_BUGREPORT "https://github.com/cpputest/cpputest"
| #define PACKAGE_URL ""
| #define PACKAGE "cpputest"
| #define VERSION "4.0"
| #define HAVE_STDIO_H 1
| #define HAVE_STDLIB_H 1
| #define HAVE_STRING_H 1
| #define HAVE_INTTYPES_H 1
| #define HAVE_STDINT_H 1
| #define HAVE_STRINGS_H 1
| #define HAVE_SYS_STAT_H 1
| #define HAVE_SYS_TYPES_H 1
| #define HAVE_UNISTD_H 1
| #define STDC_HEADERS 1
| #define HAVE_DLFCN_H 1
| #define LT_OBJDIR ".libs/"
| /* end confdefs.h.  */
| #include <ac_nonexistent.h>
configure:14321: result: gcc -E
configure:14335: gcc -E  conftest.c
configure:14335: $? = 0
configure:14350: gcc -E  conftest.c
conftest.c:23:10: fatal error: ac_nonexistent.h: No such file or directory
   23 | #include <ac_nonexistent.h>
      |          ^~~~~~~~~~~~~~~~~~
compilation terminated.
configure:14350: $? = 1
configure: failed program was:
| /* confdefs.h */
| #define PACKAGE_NAME "CppUTest"
| #define PACKAGE_TARNAME "cpputest"
| #define PACKAGE_VERSION "4.0"
| #define PACKAGE_STRING "CppUTest 4.0"
| #define PACKAGE_BUGREPORT "https://github.com/cpputest/cpputest"
| #define PACKAGE_URL ""
| #define PACKAGE "cpputest"
| #define VERSION "4.0"
| #define HAVE_STDIO_H 1
| #define HAVE_STDLIB_H 1
| #define HAVE_STRING_H 1
| #define HAVE_INTTYPES_H 1
| #define HAVE_STDINT_H 1
| #define HAVE_STRINGS_H 1
| #define HAVE_SYS_STAT_H 1
| #define HAVE_SYS_TYPES_H 1
| #define HAVE_UNISTD_H 1
| #define STDC_HEADERS 1
| #define HAVE_DLFCN_H 1
| #define LT_OBJDIR ".libs/"
| /* end confdefs.h.  */
| #include <ac_nonexistent.h>
configure:14449: checking for g++
configure:14470: found /usr/bin/g++
configure:14481: result: g++
configure:14508: checking for C++ compiler version
configure:14517: g++ --version >&5
g++ (Ubuntu 11.4.0-1ubuntu1~22.04) 11.4.0
Copyright (C) 2021 Free Software Foundation, Inc.
This is free software; see the source for copying conditions.  There is NO
warranty; not even for MERCHANTABILITY or FITNESS FOR A PARTICULAR PURPOSE.

configure:14528: $? = 0
configure:14517: g++ -v >&5
Using built-in specs.
COLLECT_GCC=g++
COLLECT_LTO_WRAPPER=/usr/lib/gcc/x86_64-linux-gnu/11/lto-wrapper
OFFLOAD_TARGET_NAMES=nvptx-none:amdgcn-amdhsa
OFFLOAD_TARGET_DEFAULT=1
Target: x86_64-linux-gnu
Configured with: ../src/configure -v --with-pkgversion='Ubuntu 11.4.0-1ubuntu1~22.04' --with-bugurl=file:///usr/share/doc/gcc-11/README.Bugs --enable-languages=c,ada,c++,go,brig,d,fortran,objc,obj-c++,m2 --prefix=/usr --with-gcc-major-version-only --program-suffix=-11 --program-prefix=x86_64-linux-gnu- --enable-shared --enable-linker-build-id --libexecdir=/usr/lib --without-included-gettext --enable-threads=posix --libdir=/usr/lib --enable-nls --enable-bootstrap --enable-clocale=gnu --enable-libstdcxx-debug --enable-libstdcxx-time=yes --with-default-libstdcxx-abi=new --enable-gnu-unique-object --disable-vtable-verify --enable-plugin --enable-default-pie --with-system-zlib --enable-libphobos-checking=release --with-target-system-zlib=auto --enable-objc-gc=auto --enable-multiarch --disable-werror --enable-cet --with-arch-32=i686 --with-abi=m64 --with-multilib-list=m32,m64,mx32 --enable-multilib --with-tune=generic --enable-offload-targets=nvptx-none=/build/gcc-11-XeT9lY/gcc-11-11.4.0/debian/tmp-nvptx/usr,amdgcn-amdhsa=/build/gcc-11-XeT9lY/gcc-11-11.4.0/debian/tmp-gcn/usr --without-cuda-driver --enable-checking=release --build=x86_64-linux-gnu --host=x86_64-linux-gnu --target=x86_64-linux-gnu --with-build-config=bootstrap-lto-lean --enable-link-serialization=2
Thread model: posix
Supported LTO compression algorithms: zlib zstd
gcc version 11.4.0 (Ubuntu 11.4.0-1ubuntu1~22.04) 
... rest of stderr output deleted ...
configure:14528: $? = 0
configure:14517: g++ -V >&5
g++: error: unrecognized command-line option '-V'
g++: fatal error: no input files
compilation terminated.
configure:14528: $? = 1
configure:14517: g++ -qversion >&5
g++: error: unrecognized command-line option '-qversion'; did you mean '--version'?
g++: fatal error: no input files
compilation terminated.
configure:14528: $? = 1
configure:14532: checking whether the compiler supports GNU C++
configure:14552: g++ -c   conftest.cpp >&5
configure:14552: $? = 0
configure:14562: result: yes
configure:14573: checking whether g++ accepts -g
configure:14594: g++ -c -g  conftest.cpp >&5
configure:14594: $? = 0
configure:14638: result: yes
configure:14658: checking for g++ option to enable C++11 features
configure:14673: g++  -c -g -O2  conftest.cpp >&5
conftest.cpp: In function 'int main(int, char**)':
conftest.cpp:189:25: warning: empty parentheses were disambiguated as a function declaration [-Wvexing-parse]
  189 |   cxx11test::delegate d2();
      |                         ^~
conftest.cpp:189:25: note: remove parentheses to default-initialize a variable
  189 |   cxx11test::delegate d2();
      |                         ^~
      |                         --
conftest.cpp:189:25: note: or replace parentheses with braces to value-initialize a variable
configure:14673: $? = 0
configure:14691: result: none needed
configure:14757: checking dependency style of g++
configure:14869: result: gcc3
configure:14902: checking how to run the C++ preprocessor
configure:14924: g++ -E  conftest.cpp
configure:14924: $? = 0
configure:14939: g++ -E  conftest.cpp
conftest.cpp:23:10: fatal error: ac_nonexistent.h: No such file or directory
   23 | #include <ac_nonexistent.h>
      |          ^~~~~~~~~~~~~~~~~~
compilation terminated.
configure:14939: $? = 1
configure: failed program was:
| /* confdefs.h */
| #define PACKAGE_NAME "CppUTest"
| #define PACKAGE_TARNAME "cpputest"
| #define PACKAGE_VERSION "4.0"
| #define PACKAGE_STRING "CppUTest 4.0"
| #define PACKAGE_BUGREPORT "https://github.com/cpputest/cpputest"
| #define PACKAGE_URL ""
| #define PACKAGE "cpputest"
| #define VERSION "4.0"
| #define HAVE_STDIO_H 1
| #define HAVE_STDLIB_H 1
| #define HAVE_STRING_H 1
| #define HAVE_INTTYPES_H 1
| #define HAVE_STDINT_H 1
| #define HAVE_STRINGS_H 1
| #define HAVE_SYS_STAT_H 1
| #define HAVE_SYS_TYPES_H 1
| #define HAVE_UNISTD_H 1
| #define STDC_HEADERS 1
| #define HAVE_DLFCN_H 1
| #define LT_OBJDIR ".libs/"
| /* end confdefs.h.  */
| #include <ac_nonexistent.h>
configure:14966: result: g++ -E
configure:14980: g++ -E  conftest.cpp
configure:14980: $? = 0
configure:14995: g++ -E  conftest.cpp
conftest.cpp:23:10: fatal error: ac_nonexistent.h: No such file or directory
   23 | #include <ac_nonexistent.h>
      |          ^~~~~~~~~~~~~~~~~~
compilation terminated.
configure:14995: $? = 1
configure: failed program was:
| /* confdefs.h */
| #define PACKAGE_NAME "CppUTest"
| #define PACKAGE_TARNAME "cpputest"
| #define PACKAGE_VERSION "4.0"
| #define PACKAGE_STRING "CppUTest 4.0"
| #define PACKAGE_BUGREPORT "https://github.com/cpputest/cpputest"
| #define PACKAGE_URL ""
| #define PACKAGE "cpputest"
| #define VERSION "4.0"
| #define HAVE_STDIO_H 1
| #define HAVE_STDLIB_H 1
| #define HAVE_STRING_H 1
| #define HAVE_INTTYPES_H 1
| #define HAVE_STDINT_H 1
| #define HAVE_STRINGS_H 1
| #define HAVE_SYS_STAT_H 1
| #define HAVE_SYS_TYPES_H 1
| #define HAVE_UNISTD_H 1
| #define STDC_HEADERS 1
| #define HAVE_DLFCN_H 1
| #define LT_OBJDIR ".libs/"
| /* end confdefs.h.  */
| #include <ac_nonexistent.h>
configure:15160: checking for ld used by g++
configure:15228: result: /usr/bin/ld -m elf_x86_64
configure:15235: checking if the linker (/usr/bin/ld -m elf_x86_64) is GNU ld
configure:15251: result: yes
configure:15306: checking whether the g++ linker (/usr/bin/ld -m elf_x86_64) supports shared libraries
configure:16383: result: yes
configure:16419: g++ -c -g -O2  conftest.cpp >&5
configure:16422: $? = 0
configure:16903: checking for g++ option to produce PIC
configure:16911: result: -fPIC -DPIC
configure:16919: checking if g++ PIC flag -fPIC -DPIC works
configure:16938: g++ -c -g -O2  -fPIC -DPIC -DPIC conftest.cpp >&5
configure:16942: $? = 0
configure:16955: result: yes
configure:16978: checking if g++ static flag -static works
configure:17007: result: yes
configure:17019: checking if g++ supports -c -o file.o
configure:17041: g++ -c -g -O2  -o out/conftest2.o conftest.cpp >&5
configure:17045: $? = 0
configure:17067: result: yes
configure:17072: checking if g++ supports -c -o file.o
configure:17120: result: yes
configure:17150: checking whether the g++ linker (/usr/bin/ld -m elf_x86_64) supports shared libraries
configure:17190: result: yes
configure:17332: checking dynamic linker characteristics
configure:18080: result: GNU/Linux ld.so
configure:18145: checking how to hardcode library paths into programs
configure:18170: result: immediate
configure:18210: checking whether ln -s works
configure:18214: result: yes
configure:18221: checking whether make sets $(MAKE)
configure:18244: result: yes
configure:18266: checking whether make supports nested variables
configure:18284: result: yes
configure:18464: checking for the pthreads library -lpthreads
configure:18497: gcc -o conftest -g -O2    conftest.c -lpthreads  >&5
conftest.c: In function 'main':
conftest.c:28:22: warning: argument 1 null where non-null expected [-Wnonnull]
   28 |                      pthread_attr_init(0); pthread_cleanup_push(0, 0);
      |                      ^~~~~~~~~~~~~~~~~
In file included from conftest.c:23:
/usr/include/pthread.h:285:12: note: in a call to function 'pthread_attr_init' declared 'nonnull'
  285 | extern int pthread_attr_init (pthread_attr_t *__attr) __THROW __nonnull ((1));
      |            ^~~~~~~~~~~~~~~~~
conftest.c:29:22: warning: argument 1 null where non-null expected [-Wnonnull]
   29 |                      pthread_create(0,0,0,0); pthread_cleanup_pop(0);
      |                      ^~~~~~~~~~~~~~
In file included from conftest.c:23:
/usr/include/pthread.h:202:12: note: in a call to function 'pthread_create' declared 'nonnull'
  202 | extern int pthread_create (pthread_t *__restrict __newthread,
      |            ^~~~~~~~~~~~~~
conftest.c:29:22: warning: argument 3 null where non-null expected [-Wnonnull]
   29 |                      pthread_create(0,0,0,0); pthread_cleanup_pop(0);
      |                      ^~~~~~~~~~~~~~
In file included from conftest.c:23:
/usr/include/pthread.h:202:12: note: in a call to function 'pthread_create' declared 'nonnull'
  202 | extern int pthread_create (pthread_t *__restrict __newthread,
      |            ^~~~~~~~~~~~~~
/usr/bin/ld: cannot find -lpthreads: No such file or directory
collect2: error: ld returned 1 exit status
configure:18497: $? = 1
configure: failed program was:
| /* confdefs.h */
| #define PACKAGE_NAME "CppUTest"
| #define PACKAGE_TARNAME "cpputest"
| #define PACKAGE_VERSION "4.0"
| #define PACKAGE_STRING "CppUTest 4.0"
| #define PACKAGE_BUGREPORT "https://github.com/cpputest/cpputest"
| #define PACKAGE_URL ""
| #define PACKAGE "cpputest"
| #define VERSION "4.0"
| #define HAVE_STDIO_H 1
| #define HAVE_STDLIB_H 1
| #define HAVE_STRING_H 1
| #define HAVE_INTTYPES_H 1
| #define HAVE_STDINT_H 1
| #define HAVE_STRINGS_H 1
| #define HAVE_SYS_STAT_H 1
| #define HAVE_SYS_TYPES_H 1
| #define HAVE_UNISTD_H 1
| #define STDC_HEADERS 1
| #define HAVE_DLFCN_H 1
| #define LT_OBJDIR ".libs/"
| /* end confdefs.h.  */
| #include <pthread.h>
| int
| main (void)
| {
| pthread_t th; pthread_join(th, 0);
|                      pthread_attr_init(0); pthread_cleanup_push(0, 0);
|                      pthread_create(0,0,0,0); pthread_cleanup_pop(0);
|   ;
|   return 0;
| }
configure:18507: result: no
configure:18404: checking whether pthreads work without any flags
configure:18497: gcc -o conftest -g -O2    conftest.c   >&5
conftest.c: In function 'main':
conftest.c:28:22: warning: argument 1 null where non-null expected [-Wnonnull]
   28 |                      pthread_attr_init(0); pthread_cleanup_push(0, 0);
      |                      ^~~~~~~~~~~~~~~~~
In file included from conftest.c:23:
/usr/include/pthread.h:285:12: note: in a call to function 'pthread_attr_init' declared 'nonnull'
  285 | extern int pthread_attr_init (pthread_attr_t *__attr) __THROW __nonnull ((1));
      |            ^~~~~~~~~~~~~~~~~
conftest.c:29:22: warning: argument 1 null where non-null expected [-Wnonnull]
   29 |                      pthread_create(0,0,0,0); pthread_cleanup_pop(0);
      |                      ^~~~~~~~~~~~~~
In file included from conftest.c:23:
/usr/include/pthread.h:202:12: note: in a call to function 'pthread_create' declared 'nonnull'
  202 | extern int pthread_create (pthread_t *__restrict __newthread,
      |            ^~~~~~~~~~~~~~
conftest.c:29:22: warning: argument 3 null where non-null expected [-Wnonnull]
   29 |                      pthread_create(0,0,0,0); pthread_cleanup_pop(0);
      |                      ^~~~~~~~~~~~~~
In file included from conftest.c:23:
/usr/include/pthread.h:202:12: note: in a call to function 'pthread_create' declared 'nonnull'
  202 | extern int pthread_create (pthread_t *__restrict __newthread,
      |            ^~~~~~~~~~~~~~
configure:18497: $? = 0
configure:18507: result: yes
configure:18526: checking for joinable pthread attribute
configure:18541: gcc -o conftest -g -O2    conftest.c   >&5
configure:18541: $? = 0
configure:18548: result: PTHREAD_CREATE_JOINABLE
configure:18556: checking if more special flags are required for pthreads
configure:18563: result: no
configure:18649: checking for C compiler vendor
configure:18707: gcc -c -g -O2  conftest.c >&5
conftest.c: In function 'main':
conftest.c:29:7: error: 'thisisanerror' undeclared (first use in this function)
   29 |       thisisanerror;
      |       ^~~~~~~~~~~~~
conftest.c:29:7: note: each undeclared identifier is reported only once for each function it appears in
configure:18707: $? = 1
configure: failed program was:
| /* confdefs.h */
| #define PACKAGE_NAME "CppUTest"
| #define PACKAGE_TARNAME "cpputest"
| #define PACKAGE_VERSION "4.0"
| #define PACKAGE_STRING "CppUTest 4.0"
| #define PACKAGE_BUGREPORT "https://github.com/cpputest/cpputest"
| #define PACKAGE_URL ""
| #define PACKAGE "cpputest"
| #define VERSION "4.0"
| #define HAVE_STDIO_H 1
| #define HAVE_STDLIB_H 1
| #define HAVE_STRING_H 1
| #define HAVE_INTTYPES_H 1
| #define HAVE_STDINT_H 1
| #define HAVE_STRINGS_H 1
| #define HAVE_SYS_STAT_H 1
| #define HAVE_SYS_TYPES_H 1
| #define HAVE_UNISTD_H 1
| #define STDC_HEADERS 1
| #define HAVE_DLFCN_H 1
| #define LT_OBJDIR ".libs/"
| /* end confdefs.h.  */
| 
| int
| main (void)
| {
| 
| #if !(defined(__ICC) || defined(__ECC) || defined(__INTEL_COMPILER))
|       thisisanerror;
| #endif
| 
|   ;
|   return 0;
| }
configure:18707: gcc -c -g -O2  conftest.c >&5
conftest.c: In function 'main':
conftest.c:29:7: error: 'thisisanerror' undeclared (first use in this function)
   29 |       thisisanerror;
      |       ^~~~~~~~~~~~~
conftest.c:29:7: note: each undeclared identifier is reported only once for each function it appears in
configure:18707: $? = 1
configure: failed program was:
| /* confdefs.h */
| #define PACKAGE_NAME "CppUTest"
| #define PACKAGE_TARNAME "cpputest"
| #define PACKAGE_VERSION "4.0"
| #define PACKAGE_STRING "CppUTest 4.0"
| #define PACKAGE_BUGREPORT "https://github.com/cpputest/cpputest"
| #define PACKAGE_URL ""
| #define PACKAGE "cpputest"
| #define VERSION "4.0"
| #define HAVE_STDIO_H 1
| #define HAVE_STDLIB_H 1
| #define HAVE_STRING_H 1
| #define HAVE_INTTYPES_H 1
| #define HAVE_STDINT_H 1
| #define HAVE_STRINGS_H 1
| #define HAVE_SYS_STAT_H 1
| #define HAVE_SYS_TYPES_H 1
| #define HAVE_UNISTD_H 1
| #define STDC_HEADERS 1
| #define HAVE_DLFCN_H 1
| #define LT_OBJDIR ".libs/"
| /* end confdefs.h.  */
| 
| int
| main (void)
| {
| 
| #if !(defined(__xlc__) || defined(__xlC__) || defined(__IBMC__) || defined(__IBMCPP__) || defined(__ibmxl__))
|       thisisanerror;
| #endif
| 
|   ;
|   return 0;
| }
configure:18707: gcc -c -g -O2  conftest.c >&5
conftest.c: In function 'main':
conftest.c:29:7: error: 'thisisanerror' undeclared (first use in this function)
   29 |       thisisanerror;
      |       ^~~~~~~~~~~~~
conftest.c:29:7: note: each undeclared identifier is reported only once for each function it appears in
configure:18707: $? = 1
configure: failed program was:
| /* confdefs.h */
| #define PACKAGE_NAME "CppUTest"
| #define PACKAGE_TARNAME "cpputest"
| #define PACKAGE_VERSION "4.0"
| #define PACKAGE_STRING "CppUTest 4.0"
| #define PACKAGE_BUGREPORT "https://github.com/cpputest/cpputest"
| #define PACKAGE_URL ""
| #define PACKAGE "cpputest"
| #define VERSION "4.0"
| #define HAVE_STDIO_H 1
| #define HAVE_STDLIB_H 1
| #define HAVE_STRING_H 1
| #define HAVE_INTTYPES_H 1
| #define HAVE_STDINT_H 1
| #define HAVE_STRINGS_H 1
| #define HAVE_SYS_STAT_H 1
| #define HAVE_SYS_TYPES_H 1
| #define HAVE_UNISTD_H 1
| #define STDC_HEADERS 1
| #define HAVE_DLFCN_H 1
| #define LT_OBJDIR ".libs/"
| /* end confdefs.h.  */
| 
| int
| main (void)
| {
| 
| #if !(defined(__PATHCC__) || defined(__PATHSCALE__))
|       thisisanerror;
| #endif
| 
|   ;
|   return 0;
| }
configure:18707: gcc -c -g -O2  conftest.c >&5
conftest.c: In function 'main':
conftest.c:29:7: error: 'thisisanerror' undeclared (first use in this function)
   29 |       thisisanerror;
      |       ^~~~~~~~~~~~~
conftest.c:29:7: note: each undeclared identifier is reported only once for each function it appears in
configure:18707: $? = 1
configure: failed program was:
| /* confdefs.h */
| #define PACKAGE_NAME "CppUTest"
| #define PACKAGE_TARNAME "cpputest"
| #define PACKAGE_VERSION "4.0"
| #define PACKAGE_STRING "CppUTest 4.0"
| #define PACKAGE_BUGREPORT "https://github.com/cpputest/cpputest"
| #define PACKAGE_URL ""
| #define PACKAGE "cpputest"
| #define VERSION "4.0"
| #define HAVE_STDIO_H 1
| #define HAVE_STDLIB_H 1
| #define HAVE_STRING_H 1
| #define HAVE_INTTYPES_H 1
| #define HAVE_STDINT_H 1
| #define HAVE_STRINGS_H 1
| #define HAVE_SYS_STAT_H 1
| #define HAVE_SYS_TYPES_H 1
| #define HAVE_UNISTD_H 1
| #define STDC_HEADERS 1
| #define HAVE_DLFCN_H 1
| #define LT_OBJDIR ".libs/"
| /* end confdefs.h.  */
| 
| int
| main (void)
| {
| 
| #if !(defined(__clang__))
|       thisisanerror;
| #endif
| 
|   ;
|   return 0;
| }
configure:18707: gcc -c -g -O2  conftest.c >&5
conftest.c: In function 'main':
conftest.c:29:7: error: 'thisisanerror' undeclared (first use in this function)
   29 |       thisisanerror;
      |       ^~~~~~~~~~~~~
conftest.c:29:7: note: each undeclared identifier is reported only once for each function it appears in
configure:18707: $? = 1
configure: failed program was:
| /* confdefs.h */
| #define PACKAGE_NAME "CppUTest"
| #define PACKAGE_TARNAME "cpputest"
| #define PACKAGE_VERSION "4.0"
| #define PACKAGE_STRING "CppUTest 4.0"
| #define PACKAGE_BUGREPORT "https://github.com/cpputest/cpputest"
| #define PACKAGE_URL ""
| #define PACKAGE "cpputest"
| #define VERSION "4.0"
| #define HAVE_STDIO_H 1
| #define HAVE_STDLIB_H 1
| #define HAVE_STRING_H 1
| #define HAVE_INTTYPES_H 1
| #define HAVE_STDINT_H 1
| #define HAVE_STRINGS_H 1
| #define HAVE_SYS_STAT_H 1
| #define HAVE_SYS_TYPES_H 1
| #define HAVE_UNISTD_H 1
| #define STDC_HEADERS 1
| #define HAVE_DLFCN_H 1
| #define LT_OBJDIR ".libs/"
| /* end confdefs.h.  */
| 
| int
| main (void)
| {
| 
| #if !(defined(_CRAYC))
|       thisisanerror;
| #endif
| 
|   ;
|   return 0;
| }
configure:18707: gcc -c -g -O2  conftest.c >&5
conftest.c: In function 'main':
conftest.c:29:7: error: 'thisisanerror' undeclared (first use in this function)
   29 |       thisisanerror;
      |       ^~~~~~~~~~~~~
conftest.c:29:7: note: each undeclared identifier is reported only once for each function it appears in
configure:18707: $? = 1
configure: failed program was:
| /* confdefs.h */
| #define PACKAGE_NAME "CppUTest"
| #define PACKAGE_TARNAME "cpputest"
| #define PACKAGE_VERSION "4.0"
| #define PACKAGE_STRING "CppUTest 4.0"
| #define PACKAGE_BUGREPORT "https://github.com/cpputest/cpputest"
| #define PACKAGE_URL ""
| #define PACKAGE "cpputest"
| #define VERSION "4.0"
| #define HAVE_STDIO_H 1
| #define HAVE_STDLIB_H 1
| #define HAVE_STRING_H 1
| #define HAVE_INTTYPES_H 1
| #define HAVE_STDINT_H 1
| #define HAVE_STRINGS_H 1
| #define HAVE_SYS_STAT_H 1
| #define HAVE_SYS_TYPES_H 1
| #define HAVE_UNISTD_H 1
| #define STDC_HEADERS 1
| #define HAVE_DLFCN_H 1
| #define LT_OBJDIR ".libs/"
| /* end confdefs.h.  */
| 
| int
| main (void)
| {
| 
| #if !(defined(__FUJITSU))
|       thisisanerror;
| #endif
| 
|   ;
|   return 0;
| }
configure:18707: gcc -c -g -O2  conftest.c >&5
conftest.c: In function 'main':
conftest.c:29:7: error: 'thisisanerror' undeclared (first use in this function)
   29 |       thisisanerror;
      |       ^~~~~~~~~~~~~
conftest.c:29:7: note: each undeclared identifier is reported only once for each function it appears in
configure:18707: $? = 1
configure: failed program was:
| /* confdefs.h */
| #define PACKAGE_NAME "CppUTest"
| #define PACKAGE_TARNAME "cpputest"
| #define PACKAGE_VERSION "4.0"
| #define PACKAGE_STRING "CppUTest 4.0"
| #define PACKAGE_BUGREPORT "https://github.com/cpputest/cpputest"
| #define PACKAGE_URL ""
| #define PACKAGE "cpputest"
| #define VERSION "4.0"
| #define HAVE_STDIO_H 1
| #define HAVE_STDLIB_H 1
| #define HAVE_STRING_H 1
| #define HAVE_INTTYPES_H 1
| #define HAVE_STDINT_H 1
| #define HAVE_STRINGS_H 1
| #define HAVE_SYS_STAT_H 1
| #define HAVE_SYS_TYPES_H 1
| #define HAVE_UNISTD_H 1
| #define STDC_HEADERS 1
| #define HAVE_DLFCN_H 1
| #define LT_OBJDIR ".libs/"
| /* end confdefs.h.  */
| 
| int
| main (void)
| {
| 
| #if !(defined(SDCC) || defined(__SDCC))
|       thisisanerror;
| #endif
| 
|   ;
|   return 0;
| }
configure:18707: gcc -c -g -O2  conftest.c >&5
conftest.c: In function 'main':
conftest.c:29:7: error: 'thisisanerror' undeclared (first use in this function)
   29 |       thisisanerror;
      |       ^~~~~~~~~~~~~
conftest.c:29:7: note: each undeclared identifier is reported only once for each function it appears in
configure:18707: $? = 1
configure: failed program was:
| /* confdefs.h */
| #define PACKAGE_NAME "CppUTest"
| #define PACKAGE_TARNAME "cpputest"
| #define PACKAGE_VERSION "4.0"
| #define PACKAGE_STRING "CppUTest 4.0"
| #define PACKAGE_BUGREPORT "https://github.com/cpputest/cpputest"
| #define PACKAGE_URL ""
| #define PACKAGE "cpputest"
| #define VERSION "4.0"
| #define HAVE_STDIO_H 1
| #define HAVE_STDLIB_H 1
| #define HAVE_STRING_H 1
| #define HAVE_INTTYPES_H 1
| #define HAVE_STDINT_H 1
| #define HAVE_STRINGS_H 1
| #define HAVE_SYS_STAT_H 1
| #define HAVE_SYS_TYPES_H 1
| #define HAVE_UNISTD_H 1
| #define STDC_HEADERS 1
| #define HAVE_DLFCN_H 1
| #define LT_OBJDIR ".libs/"
| /* end confdefs.h.  */
| 
| int
| main (void)
| {
| 
| #if !(defined(_SX))
|       thisisanerror;
| #endif
| 
|   ;
|   return 0;
| }
configure:18707: gcc -c -g -O2  conftest.c >&5
conftest.c: In function 'main':
conftest.c:29:7: error: 'thisisanerror' undeclared (first use in this function)
   29 |       thisisanerror;
      |       ^~~~~~~~~~~~~
conftest.c:29:7: note: each undeclared identifier is reported only once for each function it appears in
configure:18707: $? = 1
configure: failed program was:
| /* confdefs.h */
| #define PACKAGE_NAME "CppUTest"
| #define PACKAGE_TARNAME "cpputest"
| #define PACKAGE_VERSION "4.0"
| #define PACKAGE_STRING "CppUTest 4.0"
| #define PACKAGE_BUGREPORT "https://github.com/cpputest/cpputest"
| #define PACKAGE_URL ""
| #define PACKAGE "cpputest"
| #define VERSION "4.0"
| #define HAVE_STDIO_H 1
| #define HAVE_STDLIB_H 1
| #define HAVE_STRING_H 1
| #define HAVE_INTTYPES_H 1
| #define HAVE_STDINT_H 1
| #define HAVE_STRINGS_H 1
| #define HAVE_SYS_STAT_H 1
| #define HAVE_SYS_TYPES_H 1
| #define HAVE_UNISTD_H 1
| #define STDC_HEADERS 1
| #define HAVE_DLFCN_H 1
| #define LT_OBJDIR ".libs/"
| /* end confdefs.h.  */
| 
| int
| main (void)
| {
| 
| #if !(defined(__PGI))
|       thisisanerror;
| #endif
| 
|   ;
|   return 0;
| }
configure:18707: gcc -c -g -O2  conftest.c >&5
configure:18707: $? = 0
configure:18717: result: gnu
configure:18722: checking for C compiler version
configure:18965: gcc -o conftest -g -O2   conftest.c   >&5
configure:18965: $? = 0
configure:18965: ./conftest
configure:18965: $? = 0
configure:18975: gcc -o conftest -g -O2   conftest.c   >&5
configure:18975: $? = 0
configure:18975: ./conftest
configure:18975: $? = 0
configure:18985: gcc -o conftest -g -O2   conftest.c   >&5
configure:18985: $? = 0
configure:18985: ./conftest
configure:18985: $? = 0
configure:19754: result: 11.4.0
configure:19763: checking if we can link -lpthread to work around a gcc bug (on MacOSX)
configure:19776: gcc -o conftest -g -O2   conftest.c -lpthread >&5
configure:19776: $? = 0
configure:19778: result: yes
configure:19788: checking for stddef.h
configure:19788: gcc -c -g -O2  conftest.c >&5
configure:19788: $? = 0
configure:19788: result: yes
configure:19794: checking for stdint.h
configure:19794: result: yes
configure:19800: checking for stdlib.h
configure:19800: result: yes
configure:19806: checking for string.h
configure:19806: result: yes
configure:19812: checking for sys/time.h
configure:19812: gcc -c -g -O2  conftest.c >&5
configure:19812: $? = 0
configure:19812: result: yes
configure:19818: checking for unistd.h
configure:19818: result: yes
configure:19826: checking for inline
configure:19843: gcc -c -g -O2  conftest.c >&5
configure:19843: $? = 0
configure:19852: result: inline
configure:19870: checking for int16_t
configure:19870: gcc -c -g -O2  conftest.c >&5
configure:19870: $? = 0
configure:19870: gcc -c -g -O2  conftest.c >&5
conftest.c: In function 'main':
conftest.c:61:12: error: size of array 'test_array' is negative
   61 | static int test_array [1 - 2 * !((int16_t) (((((int16_t) 1 << N) << N) - 1) * 2 + 1)
      |            ^~~~~~~~~~
configure:19870: $? = 1
configure: failed program was:
| /* confdefs.h */
| #define PACKAGE_NAME "CppUTest"
| #define PACKAGE_TARNAME "cpputest"
| #define PACKAGE_VERSION "4.0"
| #define PACKAGE_STRING "CppUTest 4.0"
| #define PACKAGE_BUGREPORT "https://github.com/cpputest/cpputest"
| #define PACKAGE_URL ""
| #define PACKAGE "cpputest"
| #define VERSION "4.0"
| #define HAVE_STDIO_H 1
| #define HAVE_STDLIB_H 1
| #define HAVE_STRING_H 1
| #define HAVE_INTTYPES_H 1
| #define HAVE_STDINT_H 1
| #define HAVE_STRINGS_H 1
| #define HAVE_SYS_STAT_H 1
| #define HAVE_SYS_TYPES_H 1
| #define HAVE_UNISTD_H 1
| #define STDC_HEADERS 1
| #define HAVE_DLFCN_H 1
| #define LT_OBJDIR ".libs/"
| #define HAVE_STDDEF_H 1
| #define HAVE_STDINT_H 1
| #define HAVE_STDLIB_H 1
| #define HAVE_STRING_H 1
| #define HAVE_SYS_TIME_H 1
| #define HAVE_UNISTD_H 1
| /* end confdefs.h.  */
| #include <stddef.h>
| #ifdef HAVE_STDIO_H
| # include <stdio.h>
| #endif
| #ifdef HAVE_STDLIB_H
| # include <stdlib.h>
| #endif
| #ifdef HAVE_STRING_H
| # include <string.h>
| #endif
| #ifdef HAVE_INTTYPES_H
| # include <inttypes.h>
| #endif
| #ifdef HAVE_STDINT_H
| # include <stdint.h>
| #endif
| #ifdef HAVE_STRINGS_H
| # include <strings.h>
| #endif
| #ifdef HAVE_SYS_TYPES_H
| # include <sys/types.h>
| #endif
| #ifdef HAVE_SYS_STAT_H
| # include <sys/stat.h>
| #endif
| #ifdef HAVE_UNISTD_H
| # include <unistd.h>
| #endif
| 	        enum { N = 16 / 2 - 1 };
| int
| main (void)
| {
| static int test_array [1 - 2 * !((int16_t) (((((int16_t) 1 << N) << N) - 1) * 2 + 1)
| 		 < (int16_t) (((((int16_t) 1 << N) << N) - 1) * 2 + 2))];
| test_array [0] = 0;
| return test_array [0];
| 
|   ;
|   return 0;
| }
configure:19870: result: yes
configure:19879: checking for int32_t
configure:19879: gcc -c -g -O2  conftest.c >&5
configure:19879: $? = 0
configure:19879: gcc -c -g -O2  conftest.c >&5
conftest.c: In function 'main':
conftest.c:62:67: warning: integer overflow in expression of type 'int' results in '-2147483648' [-Woverflow]
   62 |                  < (int32_t) (((((int32_t) 1 << N) << N) - 1) * 2 + 2))];
      |                                                                   ^
conftest.c:61:12: error: storage size of 'test_array' isn't constant
   61 | static int test_array [1 - 2 * !((int32_t) (((((int32_t) 1 << N) << N) - 1) * 2 + 1)
      |            ^~~~~~~~~~
configure:19879: $? = 1
configure: failed program was:
| /* confdefs.h */
| #define PACKAGE_NAME "CppUTest"
| #define PACKAGE_TARNAME "cpputest"
| #define PACKAGE_VERSION "4.0"
| #define PACKAGE_STRING "CppUTest 4.0"
| #define PACKAGE_BUGREPORT "https://github.com/cpputest/cpputest"
| #define PACKAGE_URL ""
| #define PACKAGE "cpputest"
| #define VERSION "4.0"
| #define HAVE_STDIO_H 1
| #define HAVE_STDLIB_H 1
| #define HAVE_STRING_H 1
| #define HAVE_INTTYPES_H 1
| #define HAVE_STDINT_H 1
| #define HAVE_STRINGS_H 1
| #define HAVE_SYS_STAT_H 1
| #define HAVE_SYS_TYPES_H 1
| #define HAVE_UNISTD_H 1
| #define STDC_HEADERS 1
| #define HAVE_DLFCN_H 1
| #define LT_OBJDIR ".libs/"
| #define HAVE_STDDEF_H 1
| #define HAVE_STDINT_H 1
| #define HAVE_STDLIB_H 1
| #define HAVE_STRING_H 1
| #define HAVE_SYS_TIME_H 1
| #define HAVE_UNISTD_H 1
| /* end confdefs.h.  */
| #include <stddef.h>
| #ifdef HAVE_STDIO_H
| # include <stdio.h>
| #endif
| #ifdef HAVE_STDLIB_H
| # include <stdlib.h>
| #endif
| #ifdef HAVE_STRING_H
| # include <string.h>
| #endif
| #ifdef HAVE_INTTYPES_H
| # include <inttypes.h>
| #endif
| #ifdef HAVE_STDINT_H
| # include <stdint.h>
| #endif
| #ifdef HAVE_STRINGS_H
| # include <strings.h>
| #endif
| #ifdef HAVE_SYS_TYPES_H
| # include <sys/types.h>
| #endif
| #ifdef HAVE_SYS_STAT_H
| # include <sys/stat.h>
| #endif
| #ifdef HAVE_UNISTD_H
| # include <unistd.h>
| #endif
| 	        enum { N = 32 / 2 - 1 };
| int
| main (void)
| {
| static int test_array [1 - 2 * !((int32_t) (((((int32_t) 1 << N) << N) - 1) * 2 + 1)
| 		 < (int32_t) (((((int32_t) 1 << N) << N) - 1) * 2 + 2))];
| test_array [0] = 0;
| return test_array [0];
| 
|   ;
|   return 0;
| }
configure:19879: result: yes
configure:19888: checking for int64_t
configure:19888: gcc -c -g -O2  conftest.c >&5
configure:19888: $? = 0
configure:19888: gcc -c -g -O2  conftest.c >&5
conftest.c: In function 'main':
conftest.c:62:67: warning: integer overflow in expression of type 'long int' results in '-9223372036854775808' [-Woverflow]
   62 |                  < (int64_t) (((((int64_t) 1 << N) << N) - 1) * 2 + 2))];
      |                                                                   ^
conftest.c:61:12: error: storage size of 'test_array' isn't constant
   61 | static int test_array [1 - 2 * !((int64_t) (((((int64_t) 1 << N) << N) - 1) * 2 + 1)
      |            ^~~~~~~~~~
configure:19888: $? = 1
configure: failed program was:
| /* confdefs.h */
| #define PACKAGE_NAME "CppUTest"
| #define PACKAGE_TARNAME "cpputest"
| #define PACKAGE_VERSION "4.0"
| #define PACKAGE_STRING "CppUTest 4.0"
| #define PACKAGE_BUGREPORT "https://github.com/cpputest/cpputest"
| #define PACKAGE_URL ""
| #define PACKAGE "cpputest"
| #define VERSION "4.0"
| #define HAVE_STDIO_H 1
| #define HAVE_STDLIB_H 1
| #define HAVE_STRING_H 1
| #define HAVE_INTTYPES_H 1
| #define HAVE_STDINT_H 1
| #define HAVE_STRINGS_H 1
| #define HAVE_SYS_STAT_H 1
| #define HAVE_SYS_TYPES_H 1
| #define HAVE_UNISTD_H 1
| #define STDC_HEADERS 1
| #define HAVE_DLFCN_H 1
| #define LT_OBJDIR ".libs/"
| #define HAVE_STDDEF_H 1
| #define HAVE_STDINT_H 1
| #define HAVE_STDLIB_H 1
| #define HAVE_STRING_H 1
| #define HAVE_SYS_TIME_H 1
| #define HAVE_UNISTD_H 1
| /* end confdefs.h.  */
| #include <stddef.h>
| #ifdef HAVE_STDIO_H
| # include <stdio.h>
| #endif
| #ifdef HAVE_STDLIB_H
| # include <stdlib.h>
| #endif
| #ifdef HAVE_STRING_H
| # include <string.h>
| #endif
| #ifdef HAVE_INTTYPES_H
| # include <inttypes.h>
| #endif
| #ifdef HAVE_STDINT_H
| # include <stdint.h>
| #endif
| #ifdef HAVE_STRINGS_H
| # include <strings.h>
| #endif
| #ifdef HAVE_SYS_TYPES_H
| # include <sys/types.h>
| #endif
| #ifdef HAVE_SYS_STAT_H
| # include <sys/stat.h>
| #endif
| #ifdef HAVE_UNISTD_H
| # include <unistd.h>
| #endif
| 	        enum { N = 64 / 2 - 1 };
| int
| main (void)
| {
| static int test_array [1 - 2 * !((int64_t) (((((int64_t) 1 << N) << N) - 1) * 2 + 1)
| 		 < (int64_t) (((((int64_t) 1 << N) << N) - 1) * 2 + 2))];
| test_array [0] = 0;
| return test_array [0];
| 
|   ;
|   return 0;
| }
configure:19888: result: yes
configure:19897: checking for int8_t
configure:19897: gcc -c -g -O2  conftest.c >&5
configure:19897: $? = 0
configure:19897: gcc -c -g -O2  conftest.c >&5
conftest.c: In function 'main':
conftest.c:61:12: error: size of array 'test_array' is negative
   61 | static int test_array [1 - 2 * !((int8_t) (((((int8_t) 1 << N) << N) - 1) * 2 + 1)
      |            ^~~~~~~~~~
configure:19897: $? = 1
configure: failed program was:
| /* confdefs.h */
| #define PACKAGE_NAME "CppUTest"
| #define PACKAGE_TARNAME "cpputest"
| #define PACKAGE_VERSION "4.0"
| #define PACKAGE_STRING "CppUTest 4.0"
| #define PACKAGE_BUGREPORT "https://github.com/cpputest/cpputest"
| #define PACKAGE_URL ""
| #define PACKAGE "cpputest"
| #define VERSION "4.0"
| #define HAVE_STDIO_H 1
| #define HAVE_STDLIB_H 1
| #define HAVE_STRING_H 1
| #define HAVE_INTTYPES_H 1
| #define HAVE_STDINT_H 1
| #define HAVE_STRINGS_H 1
| #define HAVE_SYS_STAT_H 1
| #define HAVE_SYS_TYPES_H 1
| #define HAVE_UNISTD_H 1
| #define STDC_HEADERS 1
| #define HAVE_DLFCN_H 1
| #define LT_OBJDIR ".libs/"
| #define HAVE_STDDEF_H 1
| #define HAVE_STDINT_H 1
| #define HAVE_STDLIB_H 1
| #define HAVE_STRING_H 1
| #define HAVE_SYS_TIME_H 1
| #define HAVE_UNISTD_H 1
| /* end confdefs.h.  */
| #include <stddef.h>
| #ifdef HAVE_STDIO_H
| # include <stdio.h>
| #endif
| #ifdef HAVE_STDLIB_H
| # include <stdlib.h>
| #endif
| #ifdef HAVE_STRING_H
| # include <string.h>
| #endif
| #ifdef HAVE_INTTYPES_H
| # include <inttypes.h>
| #endif
| #ifdef HAVE_STDINT_H
| # include <stdint.h>
| #endif
| #ifdef HAVE_STRINGS_H
| # include <strings.h>
| #endif
| #ifdef HAVE_SYS_TYPES_H
| # include <sys/types.h>
| #endif
| #ifdef HAVE_SYS_STAT_H
| # include <sys/stat.h>
| #endif
| #ifdef HAVE_UNISTD_H
| # include <unistd.h>
| #endif
| 	        enum { N = 8 / 2 - 1 };
| int
| main (void)
| {
| static int test_array [1 - 2 * !((int8_t) (((((int8_t) 1 << N) << N) - 1) * 2 + 1)
| 		 < (int8_t) (((((int8_t) 1 << N) << N) - 1) * 2 + 2))];
| test_array [0] = 0;
| return test_array [0];
| 
|   ;
|   return 0;
| }
configure:19897: result: yes
configure:19907: checking for pid_t
configure:19907: gcc -c -g -O2  conftest.c >&5
configure:19907: $? = 0
configure:19907: gcc -c -g -O2  conftest.c >&5
conftest.c: In function 'main':
conftest.c:61:20: error: expected expression before ')' token
   61 | if (sizeof ((pid_t)))
      |                    ^
configure:19907: $? = 1
configure: failed program was:
| /* confdefs.h */
| #define PACKAGE_NAME "CppUTest"
| #define PACKAGE_TARNAME "cpputest"
| #define PACKAGE_VERSION "4.0"
| #define PACKAGE_STRING "CppUTest 4.0"
| #define PACKAGE_BUGREPORT "https://github.com/cpputest/cpputest"
| #define PACKAGE_URL ""
| #define PACKAGE "cpputest"
| #define VERSION "4.0"
| #define HAVE_STDIO_H 1
| #define HAVE_STDLIB_H 1
| #define HAVE_STRING_H 1
| #define HAVE_INTTYPES_H 1
| #define HAVE_STDINT_H 1
| #define HAVE_STRINGS_H 1
| #define HAVE_SYS_STAT_H 1
| #define HAVE_SYS_TYPES_H 1
| #define HAVE_UNISTD_H 1
| #define STDC_HEADERS 1
| #define HAVE_DLFCN_H 1
| #define LT_OBJDIR ".libs/"
| #define HAVE_STDDEF_H 1
| #define HAVE_STDINT_H 1
| #define HAVE_STDLIB_H 1
| #define HAVE_STRING_H 1
| #define HAVE_SYS_TIME_H 1
| #define HAVE_UNISTD_H 1
| /* end confdefs.h.  */
| #include <stddef.h>
| #ifdef HAVE_STDIO_H
| # include <stdio.h>
| #endif
| #ifdef HAVE_STDLIB_H
| # include <stdlib.h>
| #endif
| #ifdef HAVE_STRING_H
| # include <string.h>
| #endif
| #ifdef HAVE_INTTYPES_H
| # include <inttypes.h>
| #endif
| #ifdef HAVE_STDINT_H
| # include <stdint.h>
| #endif
| #ifdef HAVE_STRINGS_H
| # include <strings.h>
| #endif
| #ifdef HAVE_SYS_TYPES_H
| # include <sys/types.h>
| #endif
| #ifdef HAVE_SYS_STAT_H
| # include <sys/stat.h>
| #endif
| #ifdef HAVE_UNISTD_H
| # include <unistd.h>
| #endif
| 
| int
| main (void)
| {
| if (sizeof ((pid_t)))
| 	    return 0;
|   ;
|   return 0;
| }
configure:19907: result: yes
configure:19943: checking for size_t
configure:19943: gcc -c -g -O2  conftest.c >&5
configure:19943: $? = 0
configure:19943: gcc -c -g -O2  conftest.c >&5
conftest.c: In function 'main':
conftest.c:60:21: error: expected expression before ')' token
   60 | if (sizeof ((size_t)))
      |                     ^
configure:19943: $? = 1
configure: failed program was:
| /* confdefs.h */
| #define PACKAGE_NAME "CppUTest"
| #define PACKAGE_TARNAME "cpputest"
| #define PACKAGE_VERSION "4.0"
| #define PACKAGE_STRING "CppUTest 4.0"
| #define PACKAGE_BUGREPORT "https://github.com/cpputest/cpputest"
| #define PACKAGE_URL ""
| #define PACKAGE "cpputest"
| #define VERSION "4.0"
| #define HAVE_STDIO_H 1
| #define HAVE_STDLIB_H 1
| #define HAVE_STRING_H 1
| #define HAVE_INTTYPES_H 1
| #define HAVE_STDINT_H 1
| #define HAVE_STRINGS_H 1
| #define HAVE_SYS_STAT_H 1
| #define HAVE_SYS_TYPES_H 1
| #define HAVE_UNISTD_H 1
| #define STDC_HEADERS 1
| #define HAVE_DLFCN_H 1
| #define LT_OBJDIR ".libs/"
| #define HAVE_STDDEF_H 1
| #define HAVE_STDINT_H 1
| #define HAVE_STDLIB_H 1
| #define HAVE_STRING_H 1
| #define HAVE_SYS_TIME_H 1
| #define HAVE_UNISTD_H 1
| /* end confdefs.h.  */
| #include <stddef.h>
| #ifdef HAVE_STDIO_H
| # include <stdio.h>
| #endif
| #ifdef HAVE_STDLIB_H
| # include <stdlib.h>
| #endif
| #ifdef HAVE_STRING_H
| # include <string.h>
| #endif
| #ifdef HAVE_INTTYPES_H
| # include <inttypes.h>
| #endif
| #ifdef HAVE_STDINT_H
| # include <stdint.h>
| #endif
| #ifdef HAVE_STRINGS_H
| # include <strings.h>
| #endif
| #ifdef HAVE_SYS_TYPES_H
| # include <sys/types.h>
| #endif
| #ifdef HAVE_SYS_STAT_H
| # include <sys/stat.h>
| #endif
| #ifdef HAVE_UNISTD_H
| # include <unistd.h>
| #endif
| int
| main (void)
| {
| if (sizeof ((size_t)))
| 	    return 0;
|   ;
|   return 0;
| }
configure:19943: result: yes
configure:19953: checking for uint16_t
configure:19953: gcc -c -g -O2  conftest.c >&5
configure:19953: $? = 0
configure:19953: result: yes
configure:19963: checking for uint32_t
configure:19963: gcc -c -g -O2  conftest.c >&5
configure:19963: $? = 0
configure:19963: result: yes
configure:19975: checking for uint64_t
configure:19975: gcc -c -g -O2  conftest.c >&5
configure:19975: $? = 0
configure:19975: result: yes
configure:19987: checking for uint8_t
configure:19987: gcc -c -g -O2  conftest.c >&5
configure:19987: $? = 0
configure:19987: result: yes
configure:20000: checking for unsigned long long int
configure:20042: gcc -o conftest -g -O2   conftest.c    -lpthread >&5
configure:20042: $? = 0
configure:20052: result: yes
configure:20062: checking for long long int
configure:20104: gcc -o conftest -g -O2   conftest.c    -lpthread >&5
configure:20104: $? = 0
configure:20104: ./conftest
configure:20104: $? = 0
configure:20117: result: yes
configure:20132: checking for fork
configure:20132: gcc -o conftest -g -O2   conftest.c    -lpthread >&5
conftest.c:47:6: warning: conflicting types for built-in function 'fork'; expected 'int(void)' [-Wbuiltin-declaration-mismatch]
   47 | char fork ();
      |      ^~~~
configure:20132: $? = 0
configure:20132: result: yes
configure:20132: checking for vfork
configure:20132: gcc -o conftest -g -O2   conftest.c    -lpthread >&5
configure:20132: $? = 0
configure:20132: result: yes
configure:20145: checking for working fork
configure:20169: gcc -o conftest -g -O2   conftest.c    -lpthread >&5
configure:20169: $? = 0
configure:20169: ./conftest
configure:20169: $? = 0
configure:20180: result: yes
configure:20201: checking for working vfork
configure:20330: result: yes
configure:20355: checking for gettimeofday
configure:20355: gcc -o conftest -g -O2   conftest.c    -lpthread >&5
configure:20355: $? = 0
configure:20355: result: yes
configure:20361: checking for memset
configure:20361: gcc -o conftest -g -O2   conftest.c    -lpthread >&5
conftest.c:52:6: warning: conflicting types for built-in function 'memset'; expected 'void *(void *, int,  long unsigned int)' [-Wbuiltin-declaration-mismatch]
   52 | char memset ();
      |      ^~~~~~
conftest.c:44:1: note: 'memset' is declared in header '<string.h>'
   43 | #include <limits.h>
   44 | #undef memset
configure:20361: $? = 0
configure:20361: result: yes
configure:20367: checking for strstr
configure:20367: gcc -o conftest -g -O2   conftest.c    -lpthread >&5
conftest.c:53:6: warning: conflicting types for built-in function 'strstr'; expected 'char *(const char *, const char *)' [-Wbuiltin-declaration-mismatch]
   53 | char strstr ();
      |      ^~~~~~
conftest.c:45:1: note: 'strstr' is declared in header '<string.h>'
   44 | #include <limits.h>
   45 | #undef strstr
configure:20367: $? = 0
configure:20367: result: yes
configure:20373: checking for strdup
configure:20373: gcc -o conftest -g -O2   conftest.c    -lpthread >&5
conftest.c:54:6: warning: conflicting types for built-in function 'strdup'; expected 'char *(const char *)' [-Wbuiltin-declaration-mismatch]
   54 | char strdup ();
      |      ^~~~~~
configure:20373: $? = 0
configure:20373: result: yes
configure:20379: checking for pthread_mutex_lock
configure:20379: gcc -o conftest -g -O2   conftest.c    -lpthread >&5
configure:20379: $? = 0
configure:20379: result: yes
configure:20389: checking for gcc
configure:20410: found /usr/bin/gcc
configure:20422: result: yes
configure:20432: checking for clang
configure:20465: result: no
configure:20475: checking for lcov
configure:20508: result: no
configure:20518: checking for valgrind
configure:20551: result: no
configure:20561: checking for dash
configure:20582: found /usr/bin/dash
configure:20594: result: yes
configure:20647: checking whether CXX supports -std=c++1y
configure:20660: g++ -c -Werror -std=c++1y  conftest.cpp >&5
configure:20660: $? = 0
configure:20662: result: yes
configure:20673: checking whether CXX supports -std=c++14
configure:20686: g++ -c -Werror -std=c++14  conftest.cpp >&5
configure:20686: $? = 0
configure:20688: result: yes
configure:20699: checking whether CXX supports -std=c++17
configure:20712: g++ -c -Werror -std=c++17  conftest.cpp >&5
configure:20712: $? = 0
configure:20714: result: yes
configure:20725: checking whether CXX supports -std=c++2a
configure:20738: g++ -c -Werror -std=c++2a  conftest.cpp >&5
configure:20738: $? = 0
configure:20740: result: yes
configure:20751: checking whether CXX supports -std=c++20
configure:20764: g++ -c -Werror -std=c++20  conftest.cpp >&5
configure:20764: $? = 0
configure:20766: result: yes
configure:20782: checking whether CXX supports -std=c++98
configure:20795: g++ -c -Werror -std=c++98  conftest.cpp >&5
configure:20795: $? = 0
configure:20797: result: yes
configure:20808: checking whether CXX supports -std=c++0x
configure:20821: g++ -c -Werror -std=c++0x  conftest.cpp >&5
configure:20821: $? = 0
configure:20823: result: yes
configure:20833: checking whether CXX supports -std=c++11
configure:20846: g++ -c -Werror -std=c++11  conftest.cpp >&5
configure:20846: $? = 0
configure:20848: result: yes
configure:20858: checking whether CXX supports -stdlib=libc++
configure:20871: g++ -c -Werror -stdlib=libc++  conftest.cpp >&5
g++: error: unrecognized command-line option '-stdlib=libc++'
configure:20871: $? = 1
configure: failed program was:
| /* confdefs.h */
| #define PACKAGE_NAME "CppUTest"
| #define PACKAGE_TARNAME "cpputest"
| #define PACKAGE_VERSION "4.0"
| #define PACKAGE_STRING "CppUTest 4.0"
| #define PACKAGE_BUGREPORT "https://github.com/cpputest/cpputest"
| #define PACKAGE_URL ""
| #define PACKAGE "cpputest"
| #define VERSION "4.0"
| #define HAVE_STDIO_H 1
| #define HAVE_STDLIB_H 1
| #define HAVE_STRING_H 1
| #define HAVE_INTTYPES_H 1
| #define HAVE_STDINT_H 1
| #define HAVE_STRINGS_H 1
| #define HAVE_SYS_STAT_H 1
| #define HAVE_SYS_TYPES_H 1
| #define HAVE_UNISTD_H 1
| #define STDC_HEADERS 1
| #define HAVE_DLFCN_H 1
| #define LT_OBJDIR ".libs/"
| #define HAVE_STDDEF_H 1
| #define HAVE_STDINT_H 1
| #define HAVE_STDLIB_H 1
| #define HAVE_STRING_H 1
| #define HAVE_SYS_TIME_H 1
| #define HAVE_UNISTD_H 1
| #define HAVE_UNSIGNED_LONG_LONG_INT 1
| #define HAVE_LONG_LONG_INT 1
| #define HAVE_FORK 1
| #define HAVE_VFORK 1
| #define HAVE_WORKING_VFORK 1
| #define HAVE_WORKING_FORK 1
| #define HAVE_GETTIMEOFDAY 1
| #define HAVE_MEMSET 1
| #define HAVE_STRSTR 1
| #define HAVE_STRDUP 1
| #define HAVE_PTHREAD_MUTEX_LOCK 1
| /* end confdefs.h.  */
| #include <cstdio>
| int
| main (void)
| {
| 
|   ;
|   return 0;
| }
configure:20876: result: no
configure:20884: checking whether CXX supports -Wno-c++98-compat
configure:20897: g++ -c -Werror -Wno-c++98-compat  conftest.cpp >&5
configure:20897: $? = 0
configure:20899: result: yes
configure:20910: checking whether CXX supports -Wno-c++98-compat-pedantic
configure:20923: g++ -c -Werror -Wno-c++98-compat-pedantic  conftest.cpp >&5
configure:20923: $? = 0
configure:20925: result: yes
configure:20936: checking whether CXX supports -Wno-c++14-compat
configure:20949: g++ -c -Werror -Wno-c++14-compat  conftest.cpp >&5
configure:20949: $? = 0
configure:20951: result: yes
configure:20969: checking whether CC and CXX supports -Wno-c++11-long-long
configure:20982: gcc -c -Werror -Wno-c++11-long-long  conftest.c >&5
configure:20982: $? = 0
configure:20984: result: yes
configure:20995: checking whether CC and CXX supports -Wno-long-long
configure:21008: gcc -c -Werror -Wno-long-long  conftest.c >&5
configure:21008: $? = 0
configure:21010: result: yes
configure:21024: checking whether CC and CXX supports -Weverything
configure:21037: gcc -c -Werror -Weverything -Wno-unused-macros  conftest.c >&5
gcc: error: unrecognized command-line option '-Weverything'
configure:21037: $? = 1
configure: failed program was:
| /* confdefs.h */
| #define PACKAGE_NAME "CppUTest"
| #define PACKAGE_TARNAME "cpputest"
| #define PACKAGE_VERSION "4.0"
| #define PACKAGE_STRING "CppUTest 4.0"
| #define PACKAGE_BUGREPORT "https://github.com/cpputest/cpputest"
| #define PACKAGE_URL ""
| #define PACKAGE "cpputest"
| #define VERSION "4.0"
| #define HAVE_STDIO_H 1
| #define HAVE_STDLIB_H 1
| #define HAVE_STRING_H 1
| #define HAVE_INTTYPES_H 1
| #define HAVE_STDINT_H 1
| #define HAVE_STRINGS_H 1
| #define HAVE_SYS_STAT_H 1
| #define HAVE_SYS_TYPES_H 1
| #define HAVE_UNISTD_H 1
| #define STDC_HEADERS 1
| #define HAVE_DLFCN_H 1
| #define LT_OBJDIR ".libs/"
| #define HAVE_STDDEF_H 1
| #define HAVE_STDINT_H 1
| #define HAVE_STDLIB_H 1
| #define HAVE_STRING_H 1
| #define HAVE_SYS_TIME_H 1
| #define HAVE_UNISTD_H 1
| #define HAVE_UNSIGNED_LONG_LONG_INT 1
| #define HAVE_LONG_LONG_INT 1
| #define HAVE_FORK 1
| #define HAVE_VFORK 1
| #define HAVE_WORKING_VFORK 1
| #define HAVE_WORKING_FORK 1
| #define HAVE_GETTIMEOFDAY 1
| #define HAVE_MEMSET 1
| #define HAVE_STRSTR 1
| #define HAVE_STRDUP 1
| #define HAVE_PTHREAD_MUTEX_LOCK 1
| /* end confdefs.h.  */
| 
| int
| main (void)
| {
| 
|   ;
|   return 0;
| }
configure:21042: result: no
configure:21050: checking whether CC and CXX supports -Wall
configure:21063: gcc -c -Werror -Wall  conftest.c >&5
configure:21063: $? = 0
configure:21065: result: yes
configure:21076: checking whether CC and CXX supports -Wextra
configure:21089: gcc -c -Werror -Wextra  conftest.c >&5
configure:21089: $? = 0
configure:21091: result: yes
configure:21102: checking whether CC and CXX supports -Wshadow
configure:21115: gcc -c -Werror -Wshadow  conftest.c >&5
configure:21115: $? = 0
configure:21117: result: yes
configure:21128: checking whether CC and CXX supports -Wswitch-default
configure:21141: gcc -c -Werror -Wswitch-default  conftest.c >&5
configure:21141: $? = 0
configure:21143: result: yes
configure:21154: checking whether CC and CXX supports -Wswitch-enum
configure:21167: gcc -c -Werror -Wswitch-enum  conftest.c >&5
configure:21167: $? = 0
configure:21169: result: yes
configure:21180: checking whether CC and CXX supports -Wconversion
configure:21193: gcc -c -Werror -Wconversion  conftest.c >&5
configure:21193: $? = 0
configure:21195: result: yes
configure:21206: checking whether CC and CXX supports -pedantic
configure:21219: gcc -c -Werror -pedantic  conftest.c >&5
configure:21219: $? = 0
configure:21221: result: yes
configure:21232: checking whether CC supports -Wsign-conversion
configure:21245: gcc -c -Werror -Wsign-conversion  conftest.c >&5
configure:21245: $? = 0
configure:21247: result: yes
configure:21266: checking whether CXX supports -Wsign-conversion
configure:21279: g++ -c -Werror -Wsign-conversion  conftest.cpp >&5
configure:21279: $? = 0
configure:21281: result: yes
configure:21292: checking whether CXX supports -Woverloaded-virtual
configure:21305: g++ -c -Werror -Woverloaded-virtual  conftest.cpp >&5
configure:21305: $? = 0
configure:21307: result: yes
configure:21325: checking whether CC supports -Wstrict-prototypes
configure:21338: gcc -c -Werror -Wstrict-prototypes  conftest.c >&5
configure:21338: $? = 0
configure:21340: result: yes
configure:21356: checking whether CC and CXX supports -Wno-disabled-macro-expansion
configure:21369: gcc -c -Werror -Wno-disabled-macro-expansion  conftest.c >&5
configure:21369: $? = 0
configure:21371: result: yes
configure:21382: checking whether CC and CXX supports -Wno-padded
configure:21395: gcc -c -Werror -Wno-padded  conftest.c >&5
configure:21395: $? = 0
configure:21397: result: yes
configure:21408: checking whether CC and CXX supports -Wno-reserved-id-macro
configure:21421: gcc -c -Werror -Wno-reserved-id-macro  conftest.c >&5
configure:21421: $? = 0
configure:21423: result: yes
configure:21434: checking whether CC and CXX supports -Wno-keyword-macro
configure:21447: gcc -c -Werror -Wno-keyword-macro  conftest.c >&5
configure:21447: $? = 0
configure:21449: result: yes
configure:21466: checking whether CXX supports -Wno-global-constructors
configure:21479: g++ -c -Werror -Wno-global-constructors  conftest.cpp >&5
configure:21479: $? = 0
configure:21481: result: yes
configure:21492: checking whether CXX supports -Wno-exit-time-destructors
configure:21505: g++ -c -Werror -Wno-exit-time-destructors  conftest.cpp >&5
configure:21505: $? = 0
configure:21507: result: yes
configure:21518: checking whether CXX supports -Wno-weak-vtables
configure:21531: g++ -c -Werror -Wno-weak-vtables  conftest.cpp >&5
configure:21531: $? = 0
configure:21533: result: yes
configure:21544: checking whether CXX supports -Wno-old-style-cast
configure:21557: g++ -c -Werror -Wno-old-style-cast  conftest.cpp >&5
configure:21557: $? = 0
configure:21559: result: yes
configure:21586: checking whether CXX and the linker supports --coverage (broken in clang 3.3)
configure:21599: g++ -o conftest -Werror --coverage   conftest.cpp    -lpthread >&5
configure:21599: $? = 0
configure:21601: result: yes
configure:21630: checking whether CXX supports operator delete without exception handling specifier
configure:21643: g++ -c -Werror  conftest.cpp >&5
conftest.cpp:40:15: error: extra tokens at end of #include directive [-Werror]
   40 | #include <new>\nvoid operator delete(void* mem);
      |               ^
cc1plus: all warnings being treated as errors
configure:21643: $? = 1
configure: failed program was:
| /* confdefs.h */
| #define PACKAGE_NAME "CppUTest"
| #define PACKAGE_TARNAME "cpputest"
| #define PACKAGE_VERSION "4.0"
| #define PACKAGE_STRING "CppUTest 4.0"
| #define PACKAGE_BUGREPORT "https://github.com/cpputest/cpputest"
| #define PACKAGE_URL ""
| #define PACKAGE "cpputest"
| #define VERSION "4.0"
| #define HAVE_STDIO_H 1
| #define HAVE_STDLIB_H 1
| #define HAVE_STRING_H 1
| #define HAVE_INTTYPES_H 1
| #define HAVE_STDINT_H 1
| #define HAVE_STRINGS_H 1
| #define HAVE_SYS_STAT_H 1
| #define HAVE_SYS_TYPES_H 1
| #define HAVE_UNISTD_H 1
| #define STDC_HEADERS 1
| #define HAVE_DLFCN_H 1
| #define LT_OBJDIR ".libs/"
| #define HAVE_STDDEF_H 1
| #define HAVE_STDINT_H 1
| #define HAVE_STDLIB_H 1
| #define HAVE_STRING_H 1
| #define HAVE_SYS_TIME_H 1
| #define HAVE_UNISTD_H 1
| #define HAVE_UNSIGNED_LONG_LONG_INT 1
| #define HAVE_LONG_LONG_INT 1
| #define HAVE_FORK 1
| #define HAVE_VFORK 1
| #define HAVE_WORKING_VFORK 1
| #define HAVE_WORKING_FORK 1
| #define HAVE_GETTIMEOFDAY 1
| #define HAVE_MEMSET 1
| #define HAVE_STRSTR 1
| #define HAVE_STRDUP 1
| #define HAVE_PTHREAD_MUTEX_LOCK 1
| /* end confdefs.h.  */
| #include <new>\nvoid operator delete(void* mem);
| int
| main (void)
| {
| 
|   ;
|   return 0;
| }
configure:21648: result: no
configure:21656: checking whether CXX supports operator new with exception handling specifier
configure:21669: g++ -c -Werror  conftest.cpp >&5
conftest.cpp:40:15: error: extra tokens at end of #include directive [-Werror]
   40 | #include <new>\nvoid* operator new(size_t size) throw(std::bad_alloc);;
      |               ^
cc1plus: all warnings being treated as errors
configure:21669: $? = 1
configure: failed program was:
| /* confdefs.h */
| #define PACKAGE_NAME "CppUTest"
| #define PACKAGE_TARNAME "cpputest"
| #define PACKAGE_VERSION "4.0"
| #define PACKAGE_STRING "CppUTest 4.0"
| #define PACKAGE_BUGREPORT "https://github.com/cpputest/cpputest"
| #define PACKAGE_URL ""
| #define PACKAGE "cpputest"
| #define VERSION "4.0"
| #define HAVE_STDIO_H 1
| #define HAVE_STDLIB_H 1
| #define HAVE_STRING_H 1
| #define HAVE_INTTYPES_H 1
| #define HAVE_STDINT_H 1
| #define HAVE_STRINGS_H 1
| #define HAVE_SYS_STAT_H 1
| #define HAVE_SYS_TYPES_H 1
| #define HAVE_UNISTD_H 1
| #define STDC_HEADERS 1
| #define HAVE_DLFCN_H 1
| #define LT_OBJDIR ".libs/"
| #define HAVE_STDDEF_H 1
| #define HAVE_STDINT_H 1
| #define HAVE_STDLIB_H 1
| #define HAVE_STRING_H 1
| #define HAVE_SYS_TIME_H 1
| #define HAVE_UNISTD_H 1
| #define HAVE_UNSIGNED_LONG_LONG_INT 1
| #define HAVE_LONG_LONG_INT 1
| #define HAVE_FORK 1
| #define HAVE_VFORK 1
| #define HAVE_WORKING_VFORK 1
| #define HAVE_WORKING_FORK 1
| #define HAVE_GETTIMEOFDAY 1
| #define HAVE_MEMSET 1
| #define HAVE_STRSTR 1
| #define HAVE_STRDUP 1
| #define HAVE_PTHREAD_MUTEX_LOCK 1
| /* end confdefs.h.  */
| #include <new>\nvoid* operator new(size_t size) throw(std::bad_alloc);;
| int
| main (void)
| {
| 
|   ;
|   return 0;
| }
configure:21674: result: no
configure:21682: checking whether CXX supports -Wno-missing-exception-spec
configure:21695: g++ -c -Werror -Wno-missing-exception-spec  conftest.cpp >&5
configure:21695: $? = 0
configure:21697: result: yes
configure:21726: checking whether CXXLD supports -Qunused-arguments linker option
configure:21741: result: no
configure:21747: checking whether LD supports -Wl,-map
configure:21760: gcc -o conftest -g -O2   -Wl,-map,filename.map.txt conftest.c    -lpthread >&5
/usr/bin/ld: unrecognised emulation mode: ap
Supported emulations: elf_x86_64 elf32_x86_64 elf_i386 elf_iamcu elf_l1om elf_k1om i386pep i386pe
collect2: error: ld returned 1 exit status
configure:21760: $? = 1
configure: failed program was:
| /* confdefs.h */
| #define PACKAGE_NAME "CppUTest"
| #define PACKAGE_TARNAME "cpputest"
| #define PACKAGE_VERSION "4.0"
| #define PACKAGE_STRING "CppUTest 4.0"
| #define PACKAGE_BUGREPORT "https://github.com/cpputest/cpputest"
| #define PACKAGE_URL ""
| #define PACKAGE "cpputest"
| #define VERSION "4.0"
| #define HAVE_STDIO_H 1
| #define HAVE_STDLIB_H 1
| #define HAVE_STRING_H 1
| #define HAVE_INTTYPES_H 1
| #define HAVE_STDINT_H 1
| #define HAVE_STRINGS_H 1
| #define HAVE_SYS_STAT_H 1
| #define HAVE_SYS_TYPES_H 1
| #define HAVE_UNISTD_H 1
| #define STDC_HEADERS 1
| #define HAVE_DLFCN_H 1
| #define LT_OBJDIR ".libs/"
| #define HAVE_STDDEF_H 1
| #define HAVE_STDINT_H 1
| #define HAVE_STDLIB_H 1
| #define HAVE_STRING_H 1
| #define HAVE_SYS_TIME_H 1
| #define HAVE_UNISTD_H 1
| #define HAVE_UNSIGNED_LONG_LONG_INT 1
| #define HAVE_LONG_LONG_INT 1
| #define HAVE_FORK 1
| #define HAVE_VFORK 1
| #define HAVE_WORKING_VFORK 1
| #define HAVE_WORKING_FORK 1
| #define HAVE_GETTIMEOFDAY 1
| #define HAVE_MEMSET 1
| #define HAVE_STRSTR 1
| #define HAVE_STRDUP 1
| #define HAVE_PTHREAD_MUTEX_LOCK 1
| /* end confdefs.h.  */
| 
| int
| main (void)
| {
| 
|   ;
|   return 0;
| }
configure:21765: result: no
configure:22010: checking for the availability of gmock via the GMOCK_HOME variable
configure:22205: checking that generated files are newer than configure
configure:22211: result: done
configure:22254: creating ./config.status

## ---------------- ##
## Cache variables. ##
## ---------------- ##

ac_cv_build=x86_64-pc-linux-gnu
ac_cv_c_compiler_gnu=yes
ac_cv_c_inline=inline
ac_cv_c_int16_t=yes
ac_cv_c_int32_t=yes
ac_cv_c_int64_t=yes
ac_cv_c_int8_t=yes
ac_cv_c_uint16_t=yes
ac_cv_c_uint32_t=yes
ac_cv_c_uint64_t=yes
ac_cv_c_uint8_t=yes
ac_cv_cxx_compiler_gnu=yes
ac_cv_env_CCC_set=
ac_cv_env_CCC_value=
ac_cv_env_CC_set=
ac_cv_env_CC_value=
ac_cv_env_CFLAGS_set=
ac_cv_env_CFLAGS_value=
ac_cv_env_CPPFLAGS_set=
ac_cv_env_CPPFLAGS_value=
ac_cv_env_CPP_set=
ac_cv_env_CPP_value=
ac_cv_env_CXXCPP_set=
ac_cv_env_CXXCPP_value=
ac_cv_env_CXXFLAGS_set=
ac_cv_env_CXXFLAGS_value=
ac_cv_env_CXX_set=
ac_cv_env_CXX_value=
ac_cv_env_GMOCK_HOME_set=
ac_cv_env_GMOCK_HOME_value=
ac_cv_env_LDFLAGS_set=
ac_cv_env_LDFLAGS_value=
ac_cv_env_LIBS_set=
ac_cv_env_LIBS_value=
ac_cv_env_LT_SYS_LIBRARY_PATH_set=
ac_cv_env_LT_SYS_LIBRARY_PATH_value=
ac_cv_env_build_alias_set=
ac_cv_env_build_alias_value=
ac_cv_env_host_alias_set=
ac_cv_env_host_alias_value=
ac_cv_env_target_alias_set=
ac_cv_env_target_alias_value=
ac_cv_func_dlopen=yes
ac_cv_func_fork=yes
ac_cv_func_fork_works=yes
ac_cv_func_gettimeofday=yes
ac_cv_func_memset=yes
ac_cv_func_pthread_mutex_lock=yes
ac_cv_func_shl_load=no
ac_cv_func_strdup=yes
ac_cv_func_strstr=yes
ac_cv_func_vfork=yes
ac_cv_func_vfork_works=yes
ac_cv_header_dlfcn_h=yes
ac_cv_header_inttypes_h=yes
ac_cv_header_stddef_h=yes
ac_cv_header_stdint_h=yes
ac_cv_header_stdio_h=yes
ac_cv_header_stdlib_h=yes
ac_cv_header_string_h=yes
ac_cv_header_strings_h=yes
ac_cv_header_sys_stat_h=yes
ac_cv_header_sys_time_h=yes
ac_cv_header_sys_types_h=yes
ac_cv_header_unistd_h=yes
ac_cv_header_vfork_h=no
ac_cv_host=x86_64-pc-linux-gnu
ac_cv_lib_dld_shl_load=no
ac_cv_objext=o
ac_cv_path_EGREP='/usr/bin/grep -E'
ac_cv_path_FGREP='/usr/bin/grep -F'
ac_cv_path_GREP=/usr/bin/grep
ac_cv_path_SED=/usr/bin/sed
ac_cv_path_install='/usr/bin/install -c'
ac_cv_path_lt_DD=/usr/bin/dd
ac_cv_path_mkdir=/usr/bin/mkdir
ac_cv_prog_AWK=gawk
ac_cv_prog_CPP='gcc -E'
ac_cv_prog_CPPUTEST_HAS_CLANG=no
ac_cv_prog_CPPUTEST_HAS_DASH=yes
ac_cv_prog_CPPUTEST_HAS_GCC=yes
ac_cv_prog_CPPUTEST_HAS_LCOV=no
ac_cv_prog_CPPUTEST_HAS_VALGRIND=no
ac_cv_prog_CXXCPP='g++ -E'
ac_cv_prog_ac_ct_AR=ar
ac_cv_prog_ac_ct_CC=gcc
ac_cv_prog_ac_ct_CXX=g++
ac_cv_prog_ac_ct_MANIFEST_TOOL=mt
ac_cv_prog_ac_ct_OBJDUMP=objdump
ac_cv_prog_ac_ct_RANLIB=ranlib
ac_cv_prog_ac_ct_STRIP=strip
ac_cv_prog_cc_c11=
ac_cv_prog_cc_g=yes
ac_cv_prog_cc_stdc=
ac_cv_prog_cxx_11=no
ac_cv_prog_cxx_cxx11=
ac_cv_prog_cxx_g=yes
ac_cv_prog_cxx_stdcxx=
ac_cv_prog_make_make_set=yes
ac_cv_type_long_long_int=yes
ac_cv_type_pid_t=yes
ac_cv_type_size_t=yes
ac_cv_type_unsigned_long_long_int=yes
am_cv_CC_dependencies_compiler_type=gcc3
am_cv_CXX_dependencies_compiler_type=gcc3
am_cv_make_support_nested_variables=yes
am_cv_prog_cc_c_o=yes
ax_cv_c_compiler_vendor=gnu
ax_cv_c_compiler_version=11.4.0
lt_cv_ar_at_file=@
lt_cv_archive_cmds_need_lc=no
lt_cv_deplibs_check_method=pass_all
lt_cv_dlopen=dlopen
lt_cv_dlopen_libs=
lt_cv_dlopen_self=yes
lt_cv_dlopen_self_static=no
lt_cv_file_magic_cmd='$MAGIC_CMD'
lt_cv_file_magic_test_file=
lt_cv_ld_reload_flag=-r
lt_cv_nm_interface='BSD nm'
lt_cv_objdir=.libs
lt_cv_path_LD=/usr/bin/ld
lt_cv_path_LDCXX='/usr/bin/ld -m elf_x86_64'
lt_cv_path_NM='/usr/bin/nm -B'
lt_cv_path_mainfest_tool=no
lt_cv_prog_compiler_c_o=yes
lt_cv_prog_compiler_c_o_CXX=yes
lt_cv_prog_compiler_pic='-fPIC -DPIC'
lt_cv_prog_compiler_pic_CXX='-fPIC -DPIC'
lt_cv_prog_compiler_pic_works=yes
lt_cv_prog_compiler_pic_works_CXX=yes
lt_cv_prog_compiler_rtti_exceptions=no
lt_cv_prog_compiler_static_works=yes
lt_cv_prog_compiler_static_works_CXX=yes
lt_cv_prog_gnu_ld=yes
lt_cv_prog_gnu_ldcxx=yes
lt_cv_sharedlib_from_linklib_cmd='printf %s\n'
lt_cv_shlibpath_overrides_runpath=yes
lt_cv_sys_global_symbol_pipe='sed -n -e '\''s/^.*[	 ]\([ABCDGIRSTW][ABCDGIRSTW]*\)[	 ][	 ]*\([_A-Za-z][_A-Za-z0-9]*\)$/\1 \2 \2/p'\'' | sed '\''/ __gnu_lto/d'\'''
lt_cv_sys_global_symbol_to_c_name_address='sed -n -e '\''s/^: \(.*\) .*$/  {"\1", (void *) 0},/p'\'' -e '\''s/^[ABCDGIRSTW][ABCDGIRSTW]* .* \(.*\)$/  {"\1", (void *) \&\1},/p'\'''
lt_cv_sys_global_symbol_to_c_name_address_lib_prefix='sed -n -e '\''s/^: \(.*\) .*$/  {"\1", (void *) 0},/p'\'' -e '\''s/^[ABCDGIRSTW][ABCDGIRSTW]* .* \(lib.*\)$/  {"\1", (void *) \&\1},/p'\'' -e '\''s/^[ABCDGIRSTW][ABCDGIRSTW]* .* \(.*\)$/  {"lib\1", (void *) \&\1},/p'\'''
lt_cv_sys_global_symbol_to_cdecl='sed -n -e '\''s/^T .* \(.*\)$/extern int \1();/p'\'' -e '\''s/^[ABCDGIRSTW][ABCDGIRSTW]* .* \(.*\)$/extern char \1;/p'\'''
lt_cv_sys_global_symbol_to_import=
lt_cv_sys_max_cmd_len=1572864
lt_cv_to_host_file_cmd=func_convert_file_noop
lt_cv_to_tool_file_cmd=func_convert_file_noop
lt_cv_truncate_bin='/usr/bin/dd bs=4096 count=1'

## ----------------- ##
## Output variables. ##
## ----------------- ##

ACLOCAL='${SHELL} '\''/mnt/c/development/Unit_Test/C-unit-test/tools/cpputest-4.0/missing'\'' aclocal-1.16'
ALL_FILES_IN_GIT=''
AMDEPBACKSLASH='\'
AMDEP_FALSE='#'
AMDEP_TRUE=''
AMTAR='$${TAR-tar}'
AM_BACKSLASH='\'
AM_DEFAULT_V='$(AM_DEFAULT_VERBOSITY)'
AM_DEFAULT_VERBOSITY='1'
AM_V='$(V)'
AR='ar'
AUTOCONF='${SHELL} '\''/mnt/c/development/Unit_Test/C-unit-test/tools/cpputest-4.0/missing'\'' autoconf'
AUTOHEADER='${SHELL} '\''/mnt/c/development/Unit_Test/C-unit-test/tools/cpputest-4.0/missing'\'' autoheader'
AUTOMAKE='${SHELL} '\''/mnt/c/development/Unit_Test/C-unit-test/tools/cpputest-4.0/missing'\'' automake-1.16'
AWK='gawk'
CC='gcc'
CCDEPMODE='depmode=gcc3'
CFLAGS='-g -O2'
CPP='gcc -E'
CPPFLAGS=''
CPPUTEST_ADDITIONAL_CFLAGS=''
CPPUTEST_ADDITIONAL_CPPFLAGS=''
CPPUTEST_ADDITIONAL_CXXFLAGS=''
CPPUTEST_CFLAGS='  -Wno-c++11-long-long -Wno-long-long -Wall -Wextra -Wshadow -Wswitch-default -Wswitch-enum -Wconversion -pedantic -Wsign-conversion -Wstrict-prototypes -Wno-disabled-macro-expansion -Wno-padded -Wno-reserved-id-macro -Wno-keyword-macro '
CPPUTEST_CPPFLAGS=' -include ./include/CppUTest/MemoryLeakDetectorMallocMacros.h -I ./include '
CPPUTEST_CXXFLAGS=' -include ./include/CppUTest/MemoryLeakDetectorNewMacros.h  -Wno-c++98-compat -Wno-c++98-compat-pedantic -Wno-c++14-compat -Wno-c++11-long-long -Wno-long-long -Wall -Wextra -Wshadow -Wswitch-default -Wswitch-enum -Wconversion -pedantic -Wsign-conversion -Woverloaded-virtual -Wno-disabled-macro-expansion -Wno-padded -Wno-reserved-id-macro -Wno-keyword-macro -Wno-global-constructors -Wno-exit-time-destructors -Wno-weak-vtables -Wno-old-style-cast '
CPPUTEST_HAS_CLANG='no'
CPPUTEST_HAS_DASH='yes'
CPPUTEST_HAS_GCC='yes'
CPPUTEST_HAS_LCOV='no'
CPPUTEST_HAS_VALGRIND='no'
CPPUTEST_LDADD=''
CPPUTEST_LDFLAGS=''
CPPUTEST_ON_MACOSX=''
CPP_PLATFORM='Gcc'
CSCOPE='cscope'
CTAGS='ctags'
CXX='g++'
CXXCPP='g++ -E'
CXXDEPMODE='depmode=gcc3'
CXXFLAGS='-g -O2'
CYGPATH_W='echo'
DEFS='-DHAVE_CONFIG_H'
DEPDIR='.deps'
DLLTOOL='false'
DSYMUTIL=''
DUMPBIN=''
ECHO_C=''
ECHO_N='-n'
ECHO_T=''
EGREP='/usr/bin/grep -E'
ETAGS='etags'
EXEEXT=''
FGREP='/usr/bin/grep -F'
GMOCK_HOME=''
GREP='/usr/bin/grep'
INCLUDE_CPPUTEST_EXT=''
INCLUDE_CPPUTEST_EXT_FALSE='#'
INCLUDE_CPPUTEST_EXT_TRUE=''
INCLUDE_GMOCKTESTS_FALSE=''
INCLUDE_GMOCKTESTS_TRUE='#'
INSTALL_DATA='${INSTALL} -m 644'
INSTALL_PROGRAM='${INSTALL}'
INSTALL_SCRIPT='${INSTALL}'
INSTALL_STRIP_PROGRAM='$(install_sh) -c -s'
LD='/usr/bin/ld -m elf_x86_64'
LDFLAGS=''
LIBOBJS=''
LIBS='   -lpthread'
LIBTOOL='$(SHELL) $(top_builddir)/libtool'
LIPO=''
LN_S='ln -s'
LTLIBOBJS=''
LT_SYS_LIBRARY_PATH=''
MAKEINFO='${SHELL} '\''/mnt/c/development/Unit_Test/C-unit-test/tools/cpputest-4.0/missing'\'' makeinfo'
MANIFEST_TOOL=':'
MKDIR_P='/usr/bin/mkdir -p'
MOSTLYCLEANFILES=''
NM='/usr/bin/nm -B'
NMEDIT=''
OBJDUMP='objdump'
OBJEXT='o'
OTOOL64=''
OTOOL=''
PACKAGE='cpputest'
PACKAGE_BUGREPORT='https://github.com/cpputest/cpputest'
PACKAGE_NAME='CppUTest'
PACKAGE_STRING='CppUTest 4.0'
PACKAGE_TARNAME='cpputest'
PACKAGE_URL=''
PACKAGE_VERSION='4.0'
PATH_SEPARATOR=':'
PTHREAD_CC='gcc'
PTHREAD_CFLAGS=''
PTHREAD_LIBS=''
RANLIB='ranlib'
SED='/usr/bin/sed'
SET_MAKE=''
SHELL='/bin/bash'
STRIP='strip'
TEST_COMPILER_IS_CLANG_FALSE=''
TEST_COMPILER_IS_CLANG_TRUE='#'
VERSION='4.0'
ac_ct_AR='ar'
ac_ct_CC='gcc'
ac_ct_CXX='g++'
ac_ct_DUMPBIN=''
acx_pthread_config=''
am__EXEEXT_FALSE=''
am__EXEEXT_TRUE='#'
am__fastdepCC_FALSE='#'
am__fastdepCC_TRUE=''
am__fastdepCXX_FALSE='#'
am__fastdepCXX_TRUE=''
am__include='include'
am__isrc=''
am__leading_dot='.'
am__nodep='_no'
am__quote=''
am__tar='$${TAR-tar} chof - "$$tardir"'
am__untar='$${TAR-tar} xf -'
bindir='${exec_prefix}/bin'
build='x86_64-pc-linux-gnu'
build_alias=''
build_cpu='x86_64'
build_os='linux-gnu'
build_vendor='pc'
datadir='${datarootdir}'
datarootdir='${prefix}/share'
docdir='${datarootdir}/doc/${PACKAGE_TARNAME}'
dvidir='${docdir}'
exec_prefix='${prefix}'
host='x86_64-pc-linux-gnu'
host_alias=''
host_cpu='x86_64'
host_os='linux-gnu'
host_vendor='pc'
htmldir='${docdir}'
includedir='${prefix}/include'
infodir='${datarootdir}/info'
install_sh='${SHELL} /mnt/c/development/Unit_Test/C-unit-test/tools/cpputest-4.0/install-sh'
libdir='${exec_prefix}/lib'
libexecdir='${exec_prefix}/libexec'
localedir='${datarootdir}/locale'
localstatedir='${prefix}/var'
mandir='${datarootdir}/man'
mkdir_p='$(MKDIR_P)'
oldincludedir='/usr/include'
pdfdir='${docdir}'
prefix='/usr/local'
program_transform_name='s,x,x,'
psdir='${docdir}'
runstatedir='${localstatedir}/run'
sbindir='${exec_prefix}/sbin'
sharedstatedir='${prefix}/com'
sysconfdir='${prefix}/etc'
target_alias=''

## ----------- ##
## confdefs.h. ##
## ----------- ##

/* confdefs.h */
#define PACKAGE_NAME "CppUTest"
#define PACKAGE_TARNAME "cpputest"
#define PACKAGE_VERSION "4.0"
#define PACKAGE_STRING "CppUTest 4.0"
#define PACKAGE_BUGREPORT "https://github.com/cpputest/cpputest"
#define PACKAGE_URL ""
#define PACKAGE "cpputest"
#define VERSION "4.0"
#define HAVE_STDIO_H 1
#define HAVE_STDLIB_H 1
#define HAVE_STRING_H 1
#define HAVE_INTTYPES_H 1
#define HAVE_STDINT_H 1
#define HAVE_STRINGS_H 1
#define HAVE_SYS_STAT_H 1
#define HAVE_SYS_TYPES_H 1
#define HAVE_UNISTD_H 1
#define STDC_HEADERS 1
#define HAVE_DLFCN_H 1
#define LT_OBJDIR ".libs/"
#define HAVE_STDDEF_H 1
#define HAVE_STDINT_H 1
#define HAVE_STDLIB_H 1
#define HAVE_STRING_H 1
#define HAVE_SYS_TIME_H 1
#define HAVE_UNISTD_H 1
#define HAVE_UNSIGNED_LONG_LONG_INT 1
#define HAVE_LONG_LONG_INT 1
#define HAVE_FORK 1
#define HAVE_VFORK 1
#define HAVE_WORKING_VFORK 1
#define HAVE_WORKING_FORK 1
#define HAVE_GETTIMEOFDAY 1
#define HAVE_MEMSET 1
#define HAVE_STRSTR 1
#define HAVE_STRDUP 1
#define HAVE_PTHREAD_MUTEX_LOCK 1

configure: exit 0

## ---------------------- ##
## Running config.status. ##
## ---------------------- ##

This file was extended by CppUTest config.status 4.0, which was
generated by GNU Autoconf 2.71.  Invocation command line was

  CONFIG_FILES    = 
  CONFIG_HEADERS  = 
  CONFIG_LINKS    = 
  CONFIG_COMMANDS = 
  $ ./config.status 

on MagicBlack

config.status:1196: creating cpputest.pc
config.status:1196: creating Makefile
config.status:1196: creating config.h
config.status:1377: config.h is unchanged
config.status:1425: executing generated/CppUTestGeneratedConfig.h commands
config.status:1463: creating generated/CppUTestGeneratedConfig.h - prefix CPPUTEST for config.h defines
config.status:1485: generated/CppUTestGeneratedConfig.h is unchanged
config.status:1425: executing depfiles commands
config.status:1591: cd .       && sed -e '/# am--include-marker/d' Makefile         | make -f - am--depfiles
make[1]: Entering directory '/mnt/c/development/Unit_Test/C-unit-test/tools/cpputest-4.0'
make[1]: Nothing to be done for 'am--depfiles'.
make[1]: Leaving directory '/mnt/c/development/Unit_Test/C-unit-test/tools/cpputest-4.0'
config.status:1596: $? = 0
config.status:1425: executing libtool commands

## ---------------------- ##
## Running config.status. ##
## ---------------------- ##

This file was extended by CppUTest config.status 4.0, which was
generated by GNU Autoconf 2.71.  Invocation command line was

  CONFIG_FILES    = 
  CONFIG_HEADERS  = 
  CONFIG_LINKS    = 
  CONFIG_COMMANDS = 
  $ ./config.status config.h

on MagicBlack

config.status:1196: creating config.h
config.status:1377: config.h is unchanged
